<?xml version="1.0" encoding="UTF-8"?>
<testsuite name="CodeSharingPlatformTest" tests="1" skipped="0" failures="0" errors="0" timestamp="2023-03-02T22:31:59" hostname="ZYLED-DESK" time="37.827">
  <properties/>
  <testcase name="start" classname="CodeSharingPlatformTest" time="37.827"/>
  <system-out><![CDATA[?[1;31m
Start test 1?[0m
?[0;34m
?[0m?[0;34m  .   ____          _            __ _ _
?[0m?[0;34m /\\ / ___'_ __ _ _(_)_ __  __ _ \ \ \ \
?[0m?[0;34m( ( )\___ | '_ | '_| | '_ \/ _` | \ \ \ \
?[0m?[0;34m \\/  ___)| |_)| | | | | || (_| |  ) ) ) )
?[0m?[0;34m  '  |____| .__|_| |_|_| |_\__, | / / / /
?[0m?[0;34m =========|_|==============|___/=/_/_/_/
?[0m?[0;34m :: Spring Boot ::                (v2.5.6)
?[0m?[0;34m
?[0m?[0;34m2023-03-03 00:32:00.114  INFO 11836 --- [    Test worker] platform.CodeSharingPlatform             : Starting CodeSharingPlatform using Java 17.0.5 on Zyled-Desk with PID 11836 (started by Admin in C:\Users\Admin\Documents\GitHub\CSP\Office\Code Sharing Platform\task)
?[0m?[0;34m2023-03-03 00:32:00.117  INFO 11836 --- [    Test worker] platform.CodeSharingPlatform             : No active profile set, falling back to default profiles: default
?[0m?[0;34m2023-03-03 00:32:00.118 DEBUG 11836 --- [    Test worker] o.s.boot.SpringApplication               : Loading source class platform.CodeSharingPlatform
?[0m?[0;34m2023-03-03 00:32:00.172 DEBUG 11836 --- [    Test worker] ConfigServletWebServerApplicationContext : Refreshing org.springframework.boot.web.servlet.context.AnnotationConfigServletWebServerApplicationContext@26f3d90c
?[0m?[0;34m2023-03-03 00:32:01.303  INFO 11836 --- [    Test worker] .s.d.r.c.RepositoryConfigurationDelegate : Bootstrapping Spring Data JPA repositories in DEFAULT mode.
?[0m?[0;34m2023-03-03 00:32:01.325 DEBUG 11836 --- [    Test worker] o.s.b.a.AutoConfigurationPackages        : @EnableAutoConfiguration was declared on a class in the package 'platform'. Automatic @Repository and @Entity scanning is enabled.
?[0m?[0;34m2023-03-03 00:32:01.375  INFO 11836 --- [    Test worker] .s.d.r.c.RepositoryConfigurationDelegate : Finished Spring Data repository scanning in 55 ms. Found 1 JPA repository interfaces.
?[0m?[0;34m2023-03-03 00:32:02.172 DEBUG 11836 --- [    Test worker] .s.b.w.e.t.TomcatServletWebServerFactory : Code archive: C:\Users\Admin\.gradle\caches\modules-2\files-2.1\org.springframework.boot\spring-boot\2.5.6\d8c6b97fd3182fb6d7d06ebf710cd9ccabc83b89\spring-boot-2.5.6.jar
?[0m?[0;34m2023-03-03 00:32:02.173 DEBUG 11836 --- [    Test worker] .s.b.w.e.t.TomcatServletWebServerFactory : Code archive: C:\Users\Admin\.gradle\caches\modules-2\files-2.1\org.springframework.boot\spring-boot\2.5.6\d8c6b97fd3182fb6d7d06ebf710cd9ccabc83b89\spring-boot-2.5.6.jar
?[0m?[0;34m2023-03-03 00:32:02.174 DEBUG 11836 --- [    Test worker] .s.b.w.e.t.TomcatServletWebServerFactory : None of the document roots [src/main/webapp, public, static] point to a directory and will be ignored.
?[0m?[0;34m2023-03-03 00:32:02.216  INFO 11836 --- [    Test worker] o.s.b.w.embedded.tomcat.TomcatWebServer  : Tomcat initialized with port(s): 8889 (http)
?[0m?[0;34m2023-03-03 00:32:02.235  INFO 11836 --- [    Test worker] o.apache.catalina.core.StandardService   : Starting service [Tomcat]
?[0m?[0;34m2023-03-03 00:32:02.235  INFO 11836 --- [    Test worker] org.apache.catalina.core.StandardEngine  : Starting Servlet engine: [Apache Tomcat/9.0.54]
?[0m?[0;34m2023-03-03 00:32:02.440  INFO 11836 --- [    Test worker] o.a.c.c.C.[Tomcat].[localhost].[/]       : Initializing Spring embedded WebApplicationContext
?[0m?[0;34m2023-03-03 00:32:02.440 DEBUG 11836 --- [    Test worker] w.s.c.ServletWebServerApplicationContext : Published root WebApplicationContext as ServletContext attribute with name [org.springframework.web.context.WebApplicationContext.ROOT]
?[0m?[0;34m2023-03-03 00:32:02.440  INFO 11836 --- [    Test worker] w.s.c.ServletWebServerApplicationContext : Root WebApplicationContext: initialization completed in 2268 ms
?[0m?[0;34m2023-03-03 00:32:02.615  INFO 11836 --- [    Test worker] com.zaxxer.hikari.HikariDataSource       : HikariPool-1 - Starting...
?[0m?[0;34m2023-03-03 00:32:02.919  INFO 11836 --- [    Test worker] com.zaxxer.hikari.HikariDataSource       : HikariPool-1 - Start completed.
?[0m?[0;34m2023-03-03 00:32:02.935  INFO 11836 --- [    Test worker] o.s.b.a.h2.H2ConsoleAutoConfiguration    : H2 console available at '/h2-console'. Database available at 'jdbc:h2:file:../snippets'
?[0m?[0;34m2023-03-03 00:32:03.010 DEBUG 11836 --- [    Test worker] o.s.b.w.s.ServletContextInitializerBeans : Mapping filters: filterRegistrationBean urls=[/*] order=-2147483647, characterEncodingFilter urls=[/*] order=-2147483648, formContentFilter urls=[/*] order=-9900, requestContextFilter urls=[/*] order=-105
?[0m?[0;34m2023-03-03 00:32:03.010 DEBUG 11836 --- [    Test worker] o.s.b.w.s.ServletContextInitializerBeans : Mapping servlets: dispatcherServlet urls=[/], webServlet urls=[/h2-console/*]
?[0m?[0;34m2023-03-03 00:32:03.049 DEBUG 11836 --- [    Test worker] o.s.b.a.m.w.servlet.WebMvcMetricsFilter  : Filter 'webMvcMetricsFilter' configured for use
?[0m?[0;34m2023-03-03 00:32:03.050 DEBUG 11836 --- [    Test worker] o.s.b.w.s.f.OrderedRequestContextFilter  : Filter 'requestContextFilter' configured for use
?[0m?[0;34m2023-03-03 00:32:03.050 DEBUG 11836 --- [    Test worker] s.b.w.s.f.OrderedCharacterEncodingFilter : Filter 'characterEncodingFilter' configured for use
?[0m?[0;34m2023-03-03 00:32:03.051 DEBUG 11836 --- [    Test worker] o.s.b.w.s.f.OrderedFormContentFilter     : Filter 'formContentFilter' configured for use
?[0m?[0;34m2023-03-03 00:32:03.231  INFO 11836 --- [    Test worker] o.hibernate.jpa.internal.util.LogHelper  : HHH000204: Processing PersistenceUnitInfo [name: default]
?[0m?[0;34m2023-03-03 00:32:03.349  INFO 11836 --- [    Test worker] org.hibernate.Version                    : HHH000412: Hibernate ORM core version 5.4.32.Final
?[0m?[0;34m2023-03-03 00:32:03.604  INFO 11836 --- [    Test worker] o.hibernate.annotations.common.Version   : HCANN000001: Hibernate Commons Annotations {5.1.2.Final}
?[0m?[0;34m2023-03-03 00:32:03.792  INFO 11836 --- [    Test worker] org.hibernate.dialect.Dialect            : HHH000400: Using dialect: org.hibernate.dialect.H2Dialect
?[0m?[0;34m2023-03-03 00:32:04.593 DEBUG 11836 --- [    Test worker] org.hibernate.SQL                        : create table codes (id_code integer generated by default as identity, code varchar(255), codeuuid varchar(255), formated_date_time varchar(255), date timestamp not null, remaining_time bigint, remaining_views integer, restriction_by_date_is_accessible boolean, restriction_by_views_is_accessible boolean, primary key (id_code))
?[0m?[0;34m2023-03-03 00:32:04.607  INFO 11836 --- [    Test worker] o.h.e.t.j.p.i.JtaPlatformInitiator       : HHH000490: Using JtaPlatform implementation: [org.hibernate.engine.transaction.jta.platform.internal.NoJtaPlatform]
?[0m?[0;34m2023-03-03 00:32:04.627  INFO 11836 --- [    Test worker] j.LocalContainerEntityManagerFactoryBean : Initialized JPA EntityManagerFactory for persistence unit 'default'
?[0m?[0;34m2023-03-03 00:32:05.116  WARN 11836 --- [    Test worker] JpaBaseConfiguration$JpaWebConfiguration : spring.jpa.open-in-view is enabled by default. Therefore, database queries may be performed during view rendering. Explicitly configure spring.jpa.open-in-view to disable this warning
?[0m?[0;34m2023-03-03 00:32:05.274 DEBUG 11836 --- [    Test worker] s.w.s.m.m.a.RequestMappingHandlerAdapter : ControllerAdvice beans: 0 @ModelAttribute, 0 @InitBinder, 1 RequestBodyAdvice, 1 ResponseBodyAdvice
?[0m?[0;34m2023-03-03 00:32:05.372 DEBUG 11836 --- [    Test worker] s.w.s.m.m.a.RequestMappingHandlerMapping : 8 mappings in 'requestMappingHandlerMapping'
?[0m?[0;34m2023-03-03 00:32:05.419 DEBUG 11836 --- [    Test worker] o.s.w.s.handler.SimpleUrlHandlerMapping  : Patterns [/webjars/**, /**] in 'resourceHandlerMapping'
?[0m?[0;34m2023-03-03 00:32:05.432 DEBUG 11836 --- [    Test worker] .m.m.a.ExceptionHandlerExceptionResolver : ControllerAdvice beans: 0 @ExceptionHandler, 1 ResponseBodyAdvice
?[0m?[0;34m2023-03-03 00:32:05.855 DEBUG 11836 --- [    Test worker] o.s.w.s.v.f.FreeMarkerConfigurer         : File system access not preferred: using SpringTemplateLoader
?[0m?[0;34m2023-03-03 00:32:05.907  INFO 11836 --- [    Test worker] o.s.b.a.e.web.EndpointLinksResolver      : Exposing 14 endpoint(s) beneath base path '/actuator'
?[0m?[0;34m2023-03-03 00:32:05.951  INFO 11836 --- [    Test worker] o.s.b.w.embedded.tomcat.TomcatWebServer  : Tomcat started on port(s): 8889 (http) with context path ''
?[0m?[0;34m2023-03-03 00:32:05.974 DEBUG 11836 --- [    Test worker] ConditionEvaluationReportLoggingListener : 
?[0m?[0;34m
?[0m?[0;34m
?[0m?[0;34m============================
?[0m?[0;34mCONDITIONS EVALUATION REPORT
?[0m?[0;34m============================
?[0m?[0;34m
?[0m?[0;34m
?[0m?[0;34mPositive matches:
?[0m?[0;34m-----------------
?[0m?[0;34m
?[0m?[0;34m   AopAutoConfiguration matched:
?[0m?[0;34m      - @ConditionalOnProperty (spring.aop.auto=true) matched (OnPropertyCondition)
?[0m?[0;34m
?[0m?[0;34m   AopAutoConfiguration.AspectJAutoProxyingConfiguration matched:
?[0m?[0;34m      - @ConditionalOnClass found required class 'org.aspectj.weaver.Advice' (OnClassCondition)
?[0m?[0;34m
?[0m?[0;34m   AopAutoConfiguration.AspectJAutoProxyingConfiguration.CglibAutoProxyConfiguration matched:
?[0m?[0;34m      - @ConditionalOnProperty (spring.aop.proxy-target-class=true) matched (OnPropertyCondition)
?[0m?[0;34m
?[0m?[0;34m   AuditEventsEndpointAutoConfiguration matched:
?[0m?[0;34m      - @ConditionalOnAvailableEndpoint no property management.endpoint.auditevents.enabled found so using endpoint default; @ConditionalOnAvailableEndpoint marked as exposed by a 'management.endpoints.web.exposure' property (OnAvailableEndpointCondition)
?[0m?[0;34m
?[0m?[0;34m   BeansEndpointAutoConfiguration matched:
?[0m?[0;34m      - @ConditionalOnAvailableEndpoint no property management.endpoint.beans.enabled found so using endpoint default; @ConditionalOnAvailableEndpoint marked as exposed by a 'management.endpoints.web.exposure' property (OnAvailableEndpointCondition)
?[0m?[0;34m
?[0m?[0;34m   BeansEndpointAutoConfiguration#beansEndpoint matched:
?[0m?[0;34m      - @ConditionalOnMissingBean (types: org.springframework.boot.actuate.beans.BeansEndpoint; SearchStrategy: all) did not find any beans (OnBeanCondition)
?[0m?[0;34m
?[0m?[0;34m   CacheMeterBinderProvidersConfiguration matched:
?[0m?[0;34m      - @ConditionalOnClass found required class 'io.micrometer.core.instrument.binder.MeterBinder' (OnClassCondition)
?[0m?[0;34m
?[0m?[0;34m   CachesEndpointAutoConfiguration matched:
?[0m?[0;34m      - @ConditionalOnClass found required class 'org.springframework.cache.CacheManager' (OnClassCondition)
?[0m?[0;34m      - @ConditionalOnAvailableEndpoint no property management.endpoint.caches.enabled found so using endpoint default; @ConditionalOnAvailableEndpoint marked as exposed by a 'management.endpoints.web.exposure' property (OnAvailableEndpointCondition)
?[0m?[0;34m
?[0m?[0;34m   CachesEndpointAutoConfiguration#cachesEndpoint matched:
?[0m?[0;34m      - @ConditionalOnMissingBean (types: org.springframework.boot.actuate.cache.CachesEndpoint; SearchStrategy: all) did not find any beans (OnBeanCondition)
?[0m?[0;34m
?[0m?[0;34m   CachesEndpointAutoConfiguration#cachesEndpointWebExtension matched:
?[0m?[0;34m      - @ConditionalOnBean (types: org.springframework.boot.actuate.cache.CachesEndpoint; SearchStrategy: all) found bean 'cachesEndpoint'; @ConditionalOnMissingBean (types: org.springframework.boot.actuate.cache.CachesEndpointWebExtension; SearchStrategy: all) did not find any beans (OnBeanCondition)
?[0m?[0;34m
?[0m?[0;34m   CompositeMeterRegistryAutoConfiguration matched:
?[0m?[0;34m      - @ConditionalOnClass found required class 'io.micrometer.core.instrument.composite.CompositeMeterRegistry' (OnClassCondition)
?[0m?[0;34m
?[0m?[0;34m   ConditionsReportEndpointAutoConfiguration matched:
?[0m?[0;34m      - @ConditionalOnAvailableEndpoint no property management.endpoint.conditions.enabled found so using endpoint default; @ConditionalOnAvailableEndpoint marked as exposed by a 'management.endpoints.web.exposure' property (OnAvailableEndpointCondition)
?[0m?[0;34m
?[0m?[0;34m   ConditionsReportEndpointAutoConfiguration#conditionsReportEndpoint matched:
?[0m?[0;34m      - @ConditionalOnMissingBean (types: org.springframework.boot.actuate.autoconfigure.condition.ConditionsReportEndpoint; SearchStrategy: current) did not find any beans (OnBeanCondition)
?[0m?[0;34m
?[0m?[0;34m   ConfigurationPropertiesReportEndpointAutoConfiguration matched:
?[0m?[0;34m      - @ConditionalOnAvailableEndpoint no property management.endpoint.configprops.enabled found so using endpoint default; @ConditionalOnAvailableEndpoint marked as exposed by a 'management.endpoints.web.exposure' property (OnAvailableEndpointCondition)
?[0m?[0;34m
?[0m?[0;34m   ConfigurationPropertiesReportEndpointAutoConfiguration#configurationPropertiesReportEndpoint matched:
?[0m?[0;34m      - @ConditionalOnMissingBean (types: org.springframework.boot.actuate.context.properties.ConfigurationPropertiesReportEndpoint; SearchStrategy: all) did not find any beans (OnBeanCondition)
?[0m?[0;34m
?[0m?[0;34m   ConfigurationPropertiesReportEndpointAutoConfiguration#configurationPropertiesReportEndpointWebExtension matched:
?[0m?[0;34m      - @ConditionalOnBean (types: org.springframework.boot.actuate.context.properties.ConfigurationPropertiesReportEndpoint; SearchStrategy: all) found bean 'configurationPropertiesReportEndpoint'; @ConditionalOnMissingBean (types: org.springframework.boot.actuate.context.properties.ConfigurationPropertiesReportEndpointWebExtension; SearchStrategy: all) did not find any beans (OnBeanCondition)
?[0m?[0;34m
?[0m?[0;34m   DataSourceAutoConfiguration matched:
?[0m?[0;34m      - @ConditionalOnClass found required classes 'javax.sql.DataSource', 'org.springframework.jdbc.datasource.embedded.EmbeddedDatabaseType' (OnClassCondition)
?[0m?[0;34m      - @ConditionalOnMissingBean (types: io.r2dbc.spi.ConnectionFactory; SearchStrategy: all) did not find any beans (OnBeanCondition)
?[0m?[0;34m
?[0m?[0;34m   DataSourceAutoConfiguration.PooledDataSourceConfiguration matched:
?[0m?[0;34m      - AnyNestedCondition 1 matched 1 did not; NestedCondition on DataSourceAutoConfiguration.PooledDataSourceCondition.PooledDataSourceAvailable PooledDataSource found supported DataSource; NestedCondition on DataSourceAutoConfiguration.PooledDataSourceCondition.ExplicitType @ConditionalOnProperty (spring.datasource.type) did not find property 'type' (DataSourceAutoConfiguration.PooledDataSourceCondition)
?[0m?[0;34m      - @ConditionalOnMissingBean (types: javax.sql.DataSource,javax.sql.XADataSource; SearchStrategy: all) did not find any beans (OnBeanCondition)
?[0m?[0;34m
?[0m?[0;34m   DataSourceConfiguration.Hikari matched:
?[0m?[0;34m      - @ConditionalOnClass found required class 'com.zaxxer.hikari.HikariDataSource' (OnClassCondition)
?[0m?[0;34m      - @ConditionalOnProperty (spring.datasource.type=com.zaxxer.hikari.HikariDataSource) matched (OnPropertyCondition)
?[0m?[0;34m      - @ConditionalOnMissingBean (types: javax.sql.DataSource; SearchStrategy: all) did not find any beans (OnBeanCondition)
?[0m?[0;34m
?[0m?[0;34m   DataSourceHealthContributorAutoConfiguration matched:
?[0m?[0;34m      - @ConditionalOnClass found required classes 'org.springframework.jdbc.core.JdbcTemplate', 'org.springframework.jdbc.datasource.lookup.AbstractRoutingDataSource' (OnClassCondition)
?[0m?[0;34m      - @ConditionalOnEnabledHealthIndicator management.health.defaults.enabled is considered true (OnEnabledHealthIndicatorCondition)
?[0m?[0;34m      - @ConditionalOnBean (types: javax.sql.DataSource; SearchStrategy: all) found bean 'dataSource' (OnBeanCondition)
?[0m?[0;34m
?[0m?[0;34m   DataSourceHealthContributorAutoConfiguration#dbHealthContributor matched:
?[0m?[0;34m      - @ConditionalOnMissingBean (names: dbHealthIndicator,dbHealthContributor; SearchStrategy: all) did not find any beans (OnBeanCondition)
?[0m?[0;34m
?[0m?[0;34m   DataSourceInitializationConfiguration matched:
?[0m?[0;34m      - @ConditionalOnClass found required class 'org.springframework.jdbc.datasource.init.DatabasePopulator' (OnClassCondition)
?[0m?[0;34m      - @ConditionalOnSingleCandidate (types: javax.sql.DataSource; SearchStrategy: all) found a primary bean from beans 'dataSource'; @ConditionalOnMissingBean (types: org.springframework.boot.sql.init.AbstractScriptDatabaseInitializer; SearchStrategy: all) did not find any beans (OnBeanCondition)
?[0m?[0;34m
?[0m?[0;34m   DataSourceJmxConfiguration matched:
?[0m?[0;34m      - @ConditionalOnProperty (spring.jmx.enabled=true) matched (OnPropertyCondition)
?[0m?[0;34m
?[0m?[0;34m   DataSourceJmxConfiguration.Hikari matched:
?[0m?[0;34m      - @ConditionalOnClass found required class 'com.zaxxer.hikari.HikariDataSource' (OnClassCondition)
?[0m?[0;34m      - @ConditionalOnSingleCandidate (types: javax.sql.DataSource; SearchStrategy: all) found a primary bean from beans 'dataSource' (OnBeanCondition)
?[0m?[0;34m
?[0m?[0;34m   DataSourcePoolMetadataProvidersConfiguration.HikariPoolDataSourceMetadataProviderConfiguration matched:
?[0m?[0;34m      - @ConditionalOnClass found required class 'com.zaxxer.hikari.HikariDataSource' (OnClassCondition)
?[0m?[0;34m
?[0m?[0;34m   DataSourcePoolMetricsAutoConfiguration matched:
?[0m?[0;34m      - @ConditionalOnClass found required classes 'javax.sql.DataSource', 'io.micrometer.core.instrument.MeterRegistry' (OnClassCondition)
?[0m?[0;34m      - @ConditionalOnBean (types: javax.sql.DataSource,io.micrometer.core.instrument.MeterRegistry; SearchStrategy: all) found beans 'simpleMeterRegistry', 'dataSource' (OnBeanCondition)
?[0m?[0;34m
?[0m?[0;34m   DataSourcePoolMetricsAutoConfiguration.DataSourcePoolMetadataMetricsConfiguration matched:
?[0m?[0;34m      - @ConditionalOnBean (types: org.springframework.boot.jdbc.metadata.DataSourcePoolMetadataProvider; SearchStrategy: all) found bean 'hikariPoolDataSourceMetadataProvider' (OnBeanCondition)
?[0m?[0;34m
?[0m?[0;34m   DataSourcePoolMetricsAutoConfiguration.HikariDataSourceMetricsConfiguration matched:
?[0m?[0;34m      - @ConditionalOnClass found required class 'com.zaxxer.hikari.HikariDataSource' (OnClassCondition)
?[0m?[0;34m
?[0m?[0;34m   DataSourceTransactionManagerAutoConfiguration matched:
?[0m?[0;34m      - @ConditionalOnClass found required classes 'org.springframework.jdbc.core.JdbcTemplate', 'org.springframework.transaction.TransactionManager' (OnClassCondition)
?[0m?[0;34m
?[0m?[0;34m   DataSourceTransactionManagerAutoConfiguration.JdbcTransactionManagerConfiguration matched:
?[0m?[0;34m      - @ConditionalOnSingleCandidate (types: javax.sql.DataSource; SearchStrategy: all) found a primary bean from beans 'dataSource' (OnBeanCondition)
?[0m?[0;34m
?[0m?[0;34m   DiskSpaceHealthContributorAutoConfiguration matched:
?[0m?[0;34m      - @ConditionalOnEnabledHealthIndicator management.health.defaults.enabled is considered true (OnEnabledHealthIndicatorCondition)
?[0m?[0;34m
?[0m?[0;34m   DiskSpaceHealthContributorAutoConfiguration#diskSpaceHealthIndicator matched:
?[0m?[0;34m      - @ConditionalOnMissingBean (names: diskSpaceHealthIndicator; SearchStrategy: all) did not find any beans (OnBeanCondition)
?[0m?[0;34m
?[0m?[0;34m   DispatcherServletAutoConfiguration matched:
?[0m?[0;34m      - @ConditionalOnClass found required class 'org.springframework.web.servlet.DispatcherServlet' (OnClassCondition)
?[0m?[0;34m      - found 'session' scope (OnWebApplicationCondition)
?[0m?[0;34m
?[0m?[0;34m   DispatcherServletAutoConfiguration.DispatcherServletConfiguration matched:
?[0m?[0;34m      - @ConditionalOnClass found required class 'javax.servlet.ServletRegistration' (OnClassCondition)
?[0m?[0;34m      - Default DispatcherServlet did not find dispatcher servlet beans (DispatcherServletAutoConfiguration.DefaultDispatcherServletCondition)
?[0m?[0;34m
?[0m?[0;34m   DispatcherServletAutoConfiguration.DispatcherServletRegistrationConfiguration matched:
?[0m?[0;34m      - @ConditionalOnClass found required class 'javax.servlet.ServletRegistration' (OnClassCondition)
?[0m?[0;34m      - DispatcherServlet Registration did not find servlet registration bean (DispatcherServletAutoConfiguration.DispatcherServletRegistrationCondition)
?[0m?[0;34m
?[0m?[0;34m   DispatcherServletAutoConfiguration.DispatcherServletRegistrationConfiguration#dispatcherServletRegistration matched:
?[0m?[0;34m      - @ConditionalOnBean (names: dispatcherServlet types: org.springframework.web.servlet.DispatcherServlet; SearchStrategy: all) found bean 'dispatcherServlet' (OnBeanCondition)
?[0m?[0;34m
?[0m?[0;34m   EmbeddedWebServerFactoryCustomizerAutoConfiguration matched:
?[0m?[0;34m      - @ConditionalOnWebApplication (required) found 'session' scope (OnWebApplicationCondition)
?[0m?[0;34m
?[0m?[0;34m   EmbeddedWebServerFactoryCustomizerAutoConfiguration.TomcatWebServerFactoryCustomizerConfiguration matched:
?[0m?[0;34m      - @ConditionalOnClass found required classes 'org.apache.catalina.startup.Tomcat', 'org.apache.coyote.UpgradeProtocol' (OnClassCondition)
?[0m?[0;34m
?[0m?[0;34m   EndpointAutoConfiguration#endpointCachingOperationInvokerAdvisor matched:
?[0m?[0;34m      - @ConditionalOnMissingBean (types: org.springframework.boot.actuate.endpoint.invoker.cache.CachingOperationInvokerAdvisor; SearchStrategy: all) did not find any beans (OnBeanCondition)
?[0m?[0;34m
?[0m?[0;34m   EndpointAutoConfiguration#endpointOperationParameterMapper matched:
?[0m?[0;34m      - @ConditionalOnMissingBean (types: org.springframework.boot.actuate.endpoint.invoke.ParameterValueMapper; SearchStrategy: all) did not find any beans (OnBeanCondition)
?[0m?[0;34m
?[0m?[0;34m   EnvironmentEndpointAutoConfiguration matched:
?[0m?[0;34m      - @ConditionalOnAvailableEndpoint no property management.endpoint.env.enabled found so using endpoint default; @ConditionalOnAvailableEndpoint marked as exposed by a 'management.endpoints.web.exposure' property (OnAvailableEndpointCondition)
?[0m?[0;34m
?[0m?[0;34m   EnvironmentEndpointAutoConfiguration#environmentEndpoint matched:
?[0m?[0;34m      - @ConditionalOnMissingBean (types: org.springframework.boot.actuate.env.EnvironmentEndpoint; SearchStrategy: all) did not find any beans (OnBeanCondition)
?[0m?[0;34m
?[0m?[0;34m   EnvironmentEndpointAutoConfiguration#environmentEndpointWebExtension matched:
?[0m?[0;34m      - @ConditionalOnBean (types: org.springframework.boot.actuate.env.EnvironmentEndpoint; SearchStrategy: all) found bean 'environmentEndpoint'; @ConditionalOnMissingBean (types: org.springframework.boot.actuate.env.EnvironmentEndpointWebExtension; SearchStrategy: all) did not find any beans (OnBeanCondition)
?[0m?[0;34m
?[0m?[0;34m   ErrorMvcAutoConfiguration matched:
?[0m?[0;34m      - @ConditionalOnClass found required classes 'javax.servlet.Servlet', 'org.springframework.web.servlet.DispatcherServlet' (OnClassCondition)
?[0m?[0;34m      - found 'session' scope (OnWebApplicationCondition)
?[0m?[0;34m
?[0m?[0;34m   ErrorMvcAutoConfiguration#basicErrorController matched:
?[0m?[0;34m      - @ConditionalOnMissingBean (types: org.springframework.boot.web.servlet.error.ErrorController; SearchStrategy: current) did not find any beans (OnBeanCondition)
?[0m?[0;34m
?[0m?[0;34m   ErrorMvcAutoConfiguration#errorAttributes matched:
?[0m?[0;34m      - @ConditionalOnMissingBean (types: org.springframework.boot.web.servlet.error.ErrorAttributes; SearchStrategy: current) did not find any beans (OnBeanCondition)
?[0m?[0;34m
?[0m?[0;34m   ErrorMvcAutoConfiguration.DefaultErrorViewResolverConfiguration#conventionErrorViewResolver matched:
?[0m?[0;34m      - @ConditionalOnBean (types: org.springframework.web.servlet.DispatcherServlet; SearchStrategy: all) found bean 'dispatcherServlet'; @ConditionalOnMissingBean (types: org.springframework.boot.autoconfigure.web.servlet.error.ErrorViewResolver; SearchStrategy: all) did not find any beans (OnBeanCondition)
?[0m?[0;34m
?[0m?[0;34m   ErrorMvcAutoConfiguration.WhitelabelErrorViewConfiguration matched:
?[0m?[0;34m      - @ConditionalOnProperty (server.error.whitelabel.enabled) matched (OnPropertyCondition)
?[0m?[0;34m      - ErrorTemplate Missing did not find error template view (ErrorMvcAutoConfiguration.ErrorTemplateMissingCondition)
?[0m?[0;34m
?[0m?[0;34m   ErrorMvcAutoConfiguration.WhitelabelErrorViewConfiguration#beanNameViewResolver matched:
?[0m?[0;34m      - @ConditionalOnMissingBean (types: org.springframework.web.servlet.view.BeanNameViewResolver; SearchStrategy: all) did not find any beans (OnBeanCondition)
?[0m?[0;34m
?[0m?[0;34m   ErrorMvcAutoConfiguration.WhitelabelErrorViewConfiguration#defaultErrorView matched:
?[0m?[0;34m      - @ConditionalOnMissingBean (names: error; SearchStrategy: all) did not find any beans (OnBeanCondition)
?[0m?[0;34m
?[0m?[0;34m   FreeMarkerAutoConfiguration matched:
?[0m?[0;34m      - @ConditionalOnClass found required classes 'freemarker.template.Configuration', 'org.springframework.ui.freemarker.FreeMarkerConfigurationFactory' (OnClassCondition)
?[0m?[0;34m
?[0m?[0;34m   FreeMarkerServletWebConfiguration matched:
?[0m?[0;34m      - @ConditionalOnClass found required classes 'javax.servlet.Servlet', 'org.springframework.web.servlet.view.freemarker.FreeMarkerConfigurer' (OnClassCondition)
?[0m?[0;34m      - found 'session' scope (OnWebApplicationCondition)
?[0m?[0;34m
?[0m?[0;34m   FreeMarkerServletWebConfiguration#freeMarkerConfigurer matched:
?[0m?[0;34m      - @ConditionalOnMissingBean (types: org.springframework.web.servlet.view.freemarker.FreeMarkerConfig; SearchStrategy: all) did not find any beans (OnBeanCondition)
?[0m?[0;34m
?[0m?[0;34m   FreeMarkerServletWebConfiguration#freeMarkerViewResolver matched:
?[0m?[0;34m      - @ConditionalOnProperty (spring.freemarker.enabled) matched (OnPropertyCondition)
?[0m?[0;34m      - @ConditionalOnMissingBean (names: freeMarkerViewResolver; SearchStrategy: all) did not find any beans (OnBeanCondition)
?[0m?[0;34m
?[0m?[0;34m   GenericCacheConfiguration matched:
?[0m?[0;34m      - Cache org.springframework.boot.autoconfigure.cache.GenericCacheConfiguration automatic cache type (CacheCondition)
?[0m?[0;34m
?[0m?[0;34m   GsonAutoConfiguration matched:
?[0m?[0;34m      - @ConditionalOnClass found required class 'com.google.gson.Gson' (OnClassCondition)
?[0m?[0;34m
?[0m?[0;34m   GsonAutoConfiguration#gson matched:
?[0m?[0;34m      - @ConditionalOnMissingBean (types: com.google.gson.Gson; SearchStrategy: all) did not find any beans (OnBeanCondition)
?[0m?[0;34m
?[0m?[0;34m   GsonAutoConfiguration#gsonBuilder matched:
?[0m?[0;34m      - @ConditionalOnMissingBean (types: com.google.gson.GsonBuilder; SearchStrategy: all) did not find any beans (OnBeanCondition)
?[0m?[0;34m
?[0m?[0;34m   GsonHttpMessageConvertersConfiguration matched:
?[0m?[0;34m      - @ConditionalOnClass found required class 'com.google.gson.Gson' (OnClassCondition)
?[0m?[0;34m
?[0m?[0;34m   H2ConsoleAutoConfiguration matched:
?[0m?[0;34m      - @ConditionalOnClass found required class 'org.h2.server.web.WebServlet' (OnClassCondition)
?[0m?[0;34m      - found 'session' scope (OnWebApplicationCondition)
?[0m?[0;34m      - @ConditionalOnProperty (spring.h2.console.enabled=true) matched (OnPropertyCondition)
?[0m?[0;34m
?[0m?[0;34m   HealthContributorAutoConfiguration#pingHealthContributor matched:
?[0m?[0;34m      - @ConditionalOnEnabledHealthIndicator management.health.defaults.enabled is considered true (OnEnabledHealthIndicatorCondition)
?[0m?[0;34m
?[0m?[0;34m   HealthEndpointAutoConfiguration matched:
?[0m?[0;34m      - @ConditionalOnAvailableEndpoint no property management.endpoint.health.enabled found so using endpoint default; @ConditionalOnAvailableEndpoint marked as exposed by a 'management.endpoints.web.exposure' property (OnAvailableEndpointCondition)
?[0m?[0;34m
?[0m?[0;34m   HealthEndpointConfiguration#healthContributorRegistry matched:
?[0m?[0;34m      - @ConditionalOnMissingBean (types: org.springframework.boot.actuate.health.HealthContributorRegistry; SearchStrategy: all) did not find any beans (OnBeanCondition)
?[0m?[0;34m
?[0m?[0;34m   HealthEndpointConfiguration#healthEndpoint matched:
?[0m?[0;34m      - @ConditionalOnMissingBean (types: org.springframework.boot.actuate.health.HealthEndpoint; SearchStrategy: all) did not find any beans (OnBeanCondition)
?[0m?[0;34m
?[0m?[0;34m   HealthEndpointConfiguration#healthEndpointGroups matched:
?[0m?[0;34m      - @ConditionalOnMissingBean (types: org.springframework.boot.actuate.health.HealthEndpointGroups; SearchStrategy: all) did not find any beans (OnBeanCondition)
?[0m?[0;34m
?[0m?[0;34m   HealthEndpointConfiguration#healthHttpCodeStatusMapper matched:
?[0m?[0;34m      - @ConditionalOnMissingBean (types: org.springframework.boot.actuate.health.HttpCodeStatusMapper; SearchStrategy: all) did not find any beans (OnBeanCondition)
?[0m?[0;34m
?[0m?[0;34m   HealthEndpointConfiguration#healthStatusAggregator matched:
?[0m?[0;34m      - @ConditionalOnMissingBean (types: org.springframework.boot.actuate.health.StatusAggregator; SearchStrategy: all) did not find any beans (OnBeanCondition)
?[0m?[0;34m
?[0m?[0;34m   HealthEndpointWebExtensionConfiguration matched:
?[0m?[0;34m      - found 'session' scope (OnWebApplicationCondition)
?[0m?[0;34m      - @ConditionalOnBean (types: org.springframework.boot.actuate.health.HealthEndpoint; SearchStrategy: all) found bean 'healthEndpoint' (OnBeanCondition)
?[0m?[0;34m
?[0m?[0;34m   HealthEndpointWebExtensionConfiguration#healthEndpointWebExtension matched:
?[0m?[0;34m      - @ConditionalOnBean (types: org.springframework.boot.actuate.health.HealthEndpoint; SearchStrategy: all) found bean 'healthEndpoint'; @ConditionalOnMissingBean (types: org.springframework.boot.actuate.health.HealthEndpointWebExtension; SearchStrategy: all) did not find any beans (OnBeanCondition)
?[0m?[0;34m
?[0m?[0;34m   HeapDumpWebEndpointAutoConfiguration matched:
?[0m?[0;34m      - @ConditionalOnAvailableEndpoint no property management.endpoint.heapdump.enabled found so using endpoint default; @ConditionalOnAvailableEndpoint marked as exposed by a 'management.endpoints.web.exposure' property (OnAvailableEndpointCondition)
?[0m?[0;34m
?[0m?[0;34m   HeapDumpWebEndpointAutoConfiguration#heapDumpWebEndpoint matched:
?[0m?[0;34m      - @ConditionalOnMissingBean (types: org.springframework.boot.actuate.management.HeapDumpWebEndpoint; SearchStrategy: all) did not find any beans (OnBeanCondition)
?[0m?[0;34m
?[0m?[0;34m   HibernateJpaAutoConfiguration matched:
?[0m?[0;34m      - @ConditionalOnClass found required classes 'org.springframework.orm.jpa.LocalContainerEntityManagerFactoryBean', 'javax.persistence.EntityManager', 'org.hibernate.engine.spi.SessionImplementor' (OnClassCondition)
?[0m?[0;34m
?[0m?[0;34m   HibernateJpaConfiguration matched:
?[0m?[0;34m      - @ConditionalOnSingleCandidate (types: javax.sql.DataSource; SearchStrategy: all) found a primary bean from beans 'dataSource' (OnBeanCondition)
?[0m?[0;34m
?[0m?[0;34m   HttpClientMetricsAutoConfiguration matched:
?[0m?[0;34m      - @ConditionalOnClass found required class 'io.micrometer.core.instrument.MeterRegistry' (OnClassCondition)
?[0m?[0;34m      - @ConditionalOnBean (types: io.micrometer.core.instrument.MeterRegistry; SearchStrategy: all) found bean 'simpleMeterRegistry' (OnBeanCondition)
?[0m?[0;34m
?[0m?[0;34m   HttpEncodingAutoConfiguration matched:
?[0m?[0;34m      - @ConditionalOnClass found required class 'org.springframework.web.filter.CharacterEncodingFilter' (OnClassCondition)
?[0m?[0;34m      - found 'session' scope (OnWebApplicationCondition)
?[0m?[0;34m      - @ConditionalOnProperty (server.servlet.encoding.enabled) matched (OnPropertyCondition)
?[0m?[0;34m
?[0m?[0;34m   HttpEncodingAutoConfiguration#characterEncodingFilter matched:
?[0m?[0;34m      - @ConditionalOnMissingBean (types: org.springframework.web.filter.CharacterEncodingFilter; SearchStrategy: all) did not find any beans (OnBeanCondition)
?[0m?[0;34m
?[0m?[0;34m   HttpMessageConvertersAutoConfiguration matched:
?[0m?[0;34m      - @ConditionalOnClass found required class 'org.springframework.http.converter.HttpMessageConverter' (OnClassCondition)
?[0m?[0;34m      - NoneNestedConditions 0 matched 1 did not; NestedCondition on HttpMessageConvertersAutoConfiguration.NotReactiveWebApplicationCondition.ReactiveWebApplication did not find reactive web application classes (HttpMessageConvertersAutoConfiguration.NotReactiveWebApplicationCondition)
?[0m?[0;34m
?[0m?[0;34m   HttpMessageConvertersAutoConfiguration#messageConverters matched:
?[0m?[0;34m      - @ConditionalOnMissingBean (types: org.springframework.boot.autoconfigure.http.HttpMessageConverters; SearchStrategy: all) did not find any beans (OnBeanCondition)
?[0m?[0;34m
?[0m?[0;34m   HttpMessageConvertersAutoConfiguration.StringHttpMessageConverterConfiguration matched:
?[0m?[0;34m      - @ConditionalOnClass found required class 'org.springframework.http.converter.StringHttpMessageConverter' (OnClassCondition)
?[0m?[0;34m
?[0m?[0;34m   HttpMessageConvertersAutoConfiguration.StringHttpMessageConverterConfiguration#stringHttpMessageConverter matched:
?[0m?[0;34m      - @ConditionalOnMissingBean (types: org.springframework.http.converter.StringHttpMessageConverter; SearchStrategy: all) did not find any beans (OnBeanCondition)
?[0m?[0;34m
?[0m?[0;34m   HttpTraceEndpointAutoConfiguration matched:
?[0m?[0;34m      - @ConditionalOnAvailableEndpoint no property management.endpoint.httptrace.enabled found so using endpoint default; @ConditionalOnAvailableEndpoint marked as exposed by a 'management.endpoints.web.exposure' property (OnAvailableEndpointCondition)
?[0m?[0;34m
?[0m?[0;34m   InfoContributorAutoConfiguration#envInfoContributor matched:
?[0m?[0;34m      - @ConditionalOnEnabledInfoContributor management.info.defaults.enabled is considered true (OnEnabledInfoContributorCondition)
?[0m?[0;34m
?[0m?[0;34m   InfoEndpointAutoConfiguration matched:
?[0m?[0;34m      - @ConditionalOnAvailableEndpoint no property management.endpoint.info.enabled found so using endpoint default; @ConditionalOnAvailableEndpoint marked as exposed by a 'management.endpoints.web.exposure' property (OnAvailableEndpointCondition)
?[0m?[0;34m
?[0m?[0;34m   InfoEndpointAutoConfiguration#infoEndpoint matched:
?[0m?[0;34m      - @ConditionalOnMissingBean (types: org.springframework.boot.actuate.info.InfoEndpoint; SearchStrategy: all) did not find any beans (OnBeanCondition)
?[0m?[0;34m
?[0m?[0;34m   JacksonAutoConfiguration matched:
?[0m?[0;34m      - @ConditionalOnClass found required class 'com.fasterxml.jackson.databind.ObjectMapper' (OnClassCondition)
?[0m?[0;34m
?[0m?[0;34m   JacksonAutoConfiguration.Jackson2ObjectMapperBuilderCustomizerConfiguration matched:
?[0m?[0;34m      - @ConditionalOnClass found required class 'org.springframework.http.converter.json.Jackson2ObjectMapperBuilder' (OnClassCondition)
?[0m?[0;34m
?[0m?[0;34m   JacksonAutoConfiguration.JacksonObjectMapperBuilderConfiguration matched:
?[0m?[0;34m      - @ConditionalOnClass found required class 'org.springframework.http.converter.json.Jackson2ObjectMapperBuilder' (OnClassCondition)
?[0m?[0;34m
?[0m?[0;34m   JacksonAutoConfiguration.JacksonObjectMapperBuilderConfiguration#jacksonObjectMapperBuilder matched:
?[0m?[0;34m      - @ConditionalOnMissingBean (types: org.springframework.http.converter.json.Jackson2ObjectMapperBuilder; SearchStrategy: all) did not find any beans (OnBeanCondition)
?[0m?[0;34m
?[0m?[0;34m   JacksonAutoConfiguration.JacksonObjectMapperConfiguration matched:
?[0m?[0;34m      - @ConditionalOnClass found required class 'org.springframework.http.converter.json.Jackson2ObjectMapperBuilder' (OnClassCondition)
?[0m?[0;34m
?[0m?[0;34m   JacksonAutoConfiguration.JacksonObjectMapperConfiguration#jacksonObjectMapper matched:
?[0m?[0;34m      - @ConditionalOnMissingBean (types: com.fasterxml.jackson.databind.ObjectMapper; SearchStrategy: all) did not find any beans (OnBeanCondition)
?[0m?[0;34m
?[0m?[0;34m   JacksonAutoConfiguration.ParameterNamesModuleConfiguration matched:
?[0m?[0;34m      - @ConditionalOnClass found required class 'com.fasterxml.jackson.module.paramnames.ParameterNamesModule' (OnClassCondition)
?[0m?[0;34m
?[0m?[0;34m   JacksonAutoConfiguration.ParameterNamesModuleConfiguration#parameterNamesModule matched:
?[0m?[0;34m      - @ConditionalOnMissingBean (types: com.fasterxml.jackson.module.paramnames.ParameterNamesModule; SearchStrategy: all) did not find any beans (OnBeanCondition)
?[0m?[0;34m
?[0m?[0;34m   JacksonHttpMessageConvertersConfiguration.MappingJackson2HttpMessageConverterConfiguration matched:
?[0m?[0;34m      - @ConditionalOnClass found required class 'com.fasterxml.jackson.databind.ObjectMapper' (OnClassCondition)
?[0m?[0;34m      - @ConditionalOnProperty (spring.mvc.converters.preferred-json-mapper=jackson) matched (OnPropertyCondition)
?[0m?[0;34m      - @ConditionalOnBean (types: com.fasterxml.jackson.databind.ObjectMapper; SearchStrategy: all) found bean 'jacksonObjectMapper' (OnBeanCondition)
?[0m?[0;34m
?[0m?[0;34m   JacksonHttpMessageConvertersConfiguration.MappingJackson2HttpMessageConverterConfiguration#mappingJackson2HttpMessageConverter matched:
?[0m?[0;34m      - @ConditionalOnMissingBean (types: org.springframework.http.converter.json.MappingJackson2HttpMessageConverter ignored: org.springframework.hateoas.server.mvc.TypeConstrainedMappingJackson2HttpMessageConverter,org.springframework.data.rest.webmvc.alps.AlpsJsonHttpMessageConverter; SearchStrategy: all) did not find any beans (OnBeanCondition)
?[0m?[0;34m
?[0m?[0;34m   JdbcTemplateAutoConfiguration matched:
?[0m?[0;34m      - @ConditionalOnClass found required classes 'javax.sql.DataSource', 'org.springframework.jdbc.core.JdbcTemplate' (OnClassCondition)
?[0m?[0;34m      - @ConditionalOnSingleCandidate (types: javax.sql.DataSource; SearchStrategy: all) found a primary bean from beans 'dataSource' (OnBeanCondition)
?[0m?[0;34m
?[0m?[0;34m   JdbcTemplateConfiguration matched:
?[0m?[0;34m      - @ConditionalOnMissingBean (types: org.springframework.jdbc.core.JdbcOperations; SearchStrategy: all) did not find any beans (OnBeanCondition)
?[0m?[0;34m
?[0m?[0;34m   JpaBaseConfiguration#entityManagerFactory matched:
?[0m?[0;34m      - @ConditionalOnMissingBean (types: org.springframework.orm.jpa.LocalContainerEntityManagerFactoryBean,javax.persistence.EntityManagerFactory; SearchStrategy: all) did not find any beans (OnBeanCondition)
?[0m?[0;34m
?[0m?[0;34m   JpaBaseConfiguration#entityManagerFactoryBuilder matched:
?[0m?[0;34m      - @ConditionalOnMissingBean (types: org.springframework.boot.orm.jpa.EntityManagerFactoryBuilder; SearchStrategy: all) did not find any beans (OnBeanCondition)
?[0m?[0;34m
?[0m?[0;34m   JpaBaseConfiguration#jpaVendorAdapter matched:
?[0m?[0;34m      - @ConditionalOnMissingBean (types: org.springframework.orm.jpa.JpaVendorAdapter; SearchStrategy: all) did not find any beans (OnBeanCondition)
?[0m?[0;34m
?[0m?[0;34m   JpaBaseConfiguration#transactionManager matched:
?[0m?[0;34m      - @ConditionalOnMissingBean (types: org.springframework.transaction.TransactionManager; SearchStrategy: all) did not find any beans (OnBeanCondition)
?[0m?[0;34m
?[0m?[0;34m   JpaBaseConfiguration.JpaWebConfiguration matched:
?[0m?[0;34m      - @ConditionalOnClass found required class 'org.springframework.web.servlet.config.annotation.WebMvcConfigurer' (OnClassCondition)
?[0m?[0;34m      - found 'session' scope (OnWebApplicationCondition)
?[0m?[0;34m      - @ConditionalOnProperty (spring.jpa.open-in-view=true) matched (OnPropertyCondition)
?[0m?[0;34m      - @ConditionalOnMissingBean (types: org.springframework.orm.jpa.support.OpenEntityManagerInViewInterceptor,org.springframework.orm.jpa.support.OpenEntityManagerInViewFilter; SearchStrategy: all) did not find any beans (OnBeanCondition)
?[0m?[0;34m
?[0m?[0;34m   JpaRepositoriesAutoConfiguration matched:
?[0m?[0;34m      - @ConditionalOnClass found required class 'org.springframework.data.jpa.repository.JpaRepository' (OnClassCondition)
?[0m?[0;34m      - @ConditionalOnProperty (spring.data.jpa.repositories.enabled=true) matched (OnPropertyCondition)
?[0m?[0;34m      - @ConditionalOnBean (types: javax.sql.DataSource; SearchStrategy: all) found bean 'dataSource'; @ConditionalOnMissingBean (types: org.springframework.data.jpa.repository.support.JpaRepositoryFactoryBean,org.springframework.data.jpa.repository.config.JpaRepositoryConfigExtension; SearchStrategy: all) did not find any beans (OnBeanCondition)
?[0m?[0;34m
?[0m?[0;34m   JtaAutoConfiguration matched:
?[0m?[0;34m      - @ConditionalOnClass found required class 'javax.transaction.Transaction' (OnClassCondition)
?[0m?[0;34m      - @ConditionalOnProperty (spring.jta.enabled) matched (OnPropertyCondition)
?[0m?[0;34m
?[0m?[0;34m   JvmMetricsAutoConfiguration matched:
?[0m?[0;34m      - @ConditionalOnClass found required class 'io.micrometer.core.instrument.MeterRegistry' (OnClassCondition)
?[0m?[0;34m      - @ConditionalOnBean (types: io.micrometer.core.instrument.MeterRegistry; SearchStrategy: all) found bean 'simpleMeterRegistry' (OnBeanCondition)
?[0m?[0;34m
?[0m?[0;34m   JvmMetricsAutoConfiguration#classLoaderMetrics matched:
?[0m?[0;34m      - @ConditionalOnMissingBean (types: io.micrometer.core.instrument.binder.jvm.ClassLoaderMetrics; SearchStrategy: all) did not find any beans (OnBeanCondition)
?[0m?[0;34m
?[0m?[0;34m   JvmMetricsAutoConfiguration#jvmGcMetrics matched:
?[0m?[0;34m      - @ConditionalOnMissingBean (types: io.micrometer.core.instrument.binder.jvm.JvmGcMetrics; SearchStrategy: all) did not find any beans (OnBeanCondition)
?[0m?[0;34m
?[0m?[0;34m   JvmMetricsAutoConfiguration#jvmMemoryMetrics matched:
?[0m?[0;34m      - @ConditionalOnMissingBean (types: io.micrometer.core.instrument.binder.jvm.JvmMemoryMetrics; SearchStrategy: all) did not find any beans (OnBeanCondition)
?[0m?[0;34m
?[0m?[0;34m   JvmMetricsAutoConfiguration#jvmThreadMetrics matched:
?[0m?[0;34m      - @ConditionalOnMissingBean (types: io.micrometer.core.instrument.binder.jvm.JvmThreadMetrics; SearchStrategy: all) did not find any beans (OnBeanCondition)
?[0m?[0;34m
?[0m?[0;34m   LifecycleAutoConfiguration#defaultLifecycleProcessor matched:
?[0m?[0;34m      - @ConditionalOnMissingBean (names: lifecycleProcessor; SearchStrategy: current) did not find any beans (OnBeanCondition)
?[0m?[0;34m
?[0m?[0;34m   LogFileWebEndpointAutoConfiguration matched:
?[0m?[0;34m      - @ConditionalOnAvailableEndpoint no property management.endpoint.logfile.enabled found so using endpoint default; @ConditionalOnAvailableEndpoint marked as exposed by a 'management.endpoints.web.exposure' property (OnAvailableEndpointCondition)
?[0m?[0;34m
?[0m?[0;34m   LogbackMetricsAutoConfiguration matched:
?[0m?[0;34m      - @ConditionalOnClass found required classes 'io.micrometer.core.instrument.MeterRegistry', 'ch.qos.logback.classic.LoggerContext', 'org.slf4j.LoggerFactory' (OnClassCondition)
?[0m?[0;34m      - LogbackLoggingCondition ILoggerFactory is a Logback LoggerContext (LogbackMetricsAutoConfiguration.LogbackLoggingCondition)
?[0m?[0;34m      - @ConditionalOnBean (types: io.micrometer.core.instrument.MeterRegistry; SearchStrategy: all) found bean 'simpleMeterRegistry' (OnBeanCondition)
?[0m?[0;34m
?[0m?[0;34m   LogbackMetricsAutoConfiguration#logbackMetrics matched:
?[0m?[0;34m      - @ConditionalOnMissingBean (types: io.micrometer.core.instrument.binder.logging.LogbackMetrics; SearchStrategy: all) did not find any beans (OnBeanCondition)
?[0m?[0;34m
?[0m?[0;34m   LoggersEndpointAutoConfiguration matched:
?[0m?[0;34m      - @ConditionalOnAvailableEndpoint no property management.endpoint.loggers.enabled found so using endpoint default; @ConditionalOnAvailableEndpoint marked as exposed by a 'management.endpoints.web.exposure' property (OnAvailableEndpointCondition)
?[0m?[0;34m
?[0m?[0;34m   LoggersEndpointAutoConfiguration#loggersEndpoint matched:
?[0m?[0;34m      - Logging System enabled (LoggersEndpointAutoConfiguration.OnEnabledLoggingSystemCondition)
?[0m?[0;34m      - @ConditionalOnBean (types: org.springframework.boot.logging.LoggingSystem; SearchStrategy: all) found bean 'springBootLoggingSystem'; @ConditionalOnMissingBean (types: org.springframework.boot.actuate.logging.LoggersEndpoint; SearchStrategy: all) did not find any beans (OnBeanCondition)
?[0m?[0;34m
?[0m?[0;34m   ManagementContextAutoConfiguration.SameManagementContextConfiguration matched:
?[0m?[0;34m      - Management Port actual port type (SAME) matched required type (OnManagementPortCondition)
?[0m?[0;34m
?[0m?[0;34m   MappingsEndpointAutoConfiguration matched:
?[0m?[0;34m      - @ConditionalOnAvailableEndpoint no property management.endpoint.mappings.enabled found so using endpoint default; @ConditionalOnAvailableEndpoint marked as exposed by a 'management.endpoints.web.exposure' property (OnAvailableEndpointCondition)
?[0m?[0;34m
?[0m?[0;34m   MappingsEndpointAutoConfiguration.ServletWebConfiguration matched:
?[0m?[0;34m      - found 'session' scope (OnWebApplicationCondition)
?[0m?[0;34m
?[0m?[0;34m   MappingsEndpointAutoConfiguration.ServletWebConfiguration.SpringMvcConfiguration matched:
?[0m?[0;34m      - @ConditionalOnClass found required class 'org.springframework.web.servlet.DispatcherServlet' (OnClassCondition)
?[0m?[0;34m      - @ConditionalOnBean (types: org.springframework.web.servlet.DispatcherServlet; SearchStrategy: all) found bean 'dispatcherServlet' (OnBeanCondition)
?[0m?[0;34m
?[0m?[0;34m   MetricsAutoConfiguration matched:
?[0m?[0;34m      - @ConditionalOnClass found required class 'io.micrometer.core.annotation.Timed' (OnClassCondition)
?[0m?[0;34m
?[0m?[0;34m   MetricsAutoConfiguration#micrometerClock matched:
?[0m?[0;34m      - @ConditionalOnMissingBean (types: io.micrometer.core.instrument.Clock; SearchStrategy: all) did not find any beans (OnBeanCondition)
?[0m?[0;34m
?[0m?[0;34m   MetricsEndpointAutoConfiguration matched:
?[0m?[0;34m      - @ConditionalOnClass found required class 'io.micrometer.core.annotation.Timed' (OnClassCondition)
?[0m?[0;34m      - @ConditionalOnAvailableEndpoint no property management.endpoint.metrics.enabled found so using endpoint default; @ConditionalOnAvailableEndpoint marked as exposed by a 'management.endpoints.web.exposure' property (OnAvailableEndpointCondition)
?[0m?[0;34m
?[0m?[0;34m   MetricsEndpointAutoConfiguration#metricsEndpoint matched:
?[0m?[0;34m      - @ConditionalOnBean (types: io.micrometer.core.instrument.MeterRegistry; SearchStrategy: all) found bean 'simpleMeterRegistry'; @ConditionalOnMissingBean (types: org.springframework.boot.actuate.metrics.MetricsEndpoint; SearchStrategy: all) did not find any beans (OnBeanCondition)
?[0m?[0;34m
?[0m?[0;34m   MultipartAutoConfiguration matched:
?[0m?[0;34m      - @ConditionalOnClass found required classes 'javax.servlet.Servlet', 'org.springframework.web.multipart.support.StandardServletMultipartResolver', 'javax.servlet.MultipartConfigElement' (OnClassCondition)
?[0m?[0;34m      - found 'session' scope (OnWebApplicationCondition)
?[0m?[0;34m      - @ConditionalOnProperty (spring.servlet.multipart.enabled) matched (OnPropertyCondition)
?[0m?[0;34m
?[0m?[0;34m   MultipartAutoConfiguration#multipartConfigElement matched:
?[0m?[0;34m      - @ConditionalOnMissingBean (types: javax.servlet.MultipartConfigElement,org.springframework.web.multipart.commons.CommonsMultipartResolver; SearchStrategy: all) did not find any beans (OnBeanCondition)
?[0m?[0;34m
?[0m?[0;34m   MultipartAutoConfiguration#multipartResolver matched:
?[0m?[0;34m      - @ConditionalOnMissingBean (types: org.springframework.web.multipart.MultipartResolver; SearchStrategy: all) did not find any beans (OnBeanCondition)
?[0m?[0;34m
?[0m?[0;34m   NamedParameterJdbcTemplateConfiguration matched:
?[0m?[0;34m      - @ConditionalOnSingleCandidate (types: org.springframework.jdbc.core.JdbcTemplate; SearchStrategy: all) found a primary bean from beans 'jdbcTemplate'; @ConditionalOnMissingBean (types: org.springframework.jdbc.core.namedparam.NamedParameterJdbcOperations; SearchStrategy: all) did not find any beans (OnBeanCondition)
?[0m?[0;34m
?[0m?[0;34m   NoOpCacheConfiguration matched:
?[0m?[0;34m      - Cache org.springframework.boot.autoconfigure.cache.NoOpCacheConfiguration automatic cache type (CacheCondition)
?[0m?[0;34m
?[0m?[0;34m   PersistenceExceptionTranslationAutoConfiguration matched:
?[0m?[0;34m      - @ConditionalOnClass found required class 'org.springframework.dao.annotation.PersistenceExceptionTranslationPostProcessor' (OnClassCondition)
?[0m?[0;34m
?[0m?[0;34m   PersistenceExceptionTranslationAutoConfiguration#persistenceExceptionTranslationPostProcessor matched:
?[0m?[0;34m      - @ConditionalOnProperty (spring.dao.exceptiontranslation.enabled) matched (OnPropertyCondition)
?[0m?[0;34m      - @ConditionalOnMissingBean (types: org.springframework.dao.annotation.PersistenceExceptionTranslationPostProcessor; SearchStrategy: all) did not find any beans (OnBeanCondition)
?[0m?[0;34m
?[0m?[0;34m   PropertyPlaceholderAutoConfiguration#propertySourcesPlaceholderConfigurer matched:
?[0m?[0;34m      - @ConditionalOnMissingBean (types: org.springframework.context.support.PropertySourcesPlaceholderConfigurer; SearchStrategy: current) did not find any beans (OnBeanCondition)
?[0m?[0;34m
?[0m?[0;34m   RepositoryMetricsAutoConfiguration matched:
?[0m?[0;34m      - @ConditionalOnClass found required class 'org.springframework.data.repository.Repository' (OnClassCondition)
?[0m?[0;34m      - @ConditionalOnBean (types: io.micrometer.core.instrument.MeterRegistry; SearchStrategy: all) found bean 'simpleMeterRegistry' (OnBeanCondition)
?[0m?[0;34m
?[0m?[0;34m   RepositoryMetricsAutoConfiguration#metricsRepositoryMethodInvocationListener matched:
?[0m?[0;34m      - @ConditionalOnMissingBean (types: org.springframework.boot.actuate.metrics.data.MetricsRepositoryMethodInvocationListener; SearchStrategy: all) did not find any beans (OnBeanCondition)
?[0m?[0;34m
?[0m?[0;34m   RepositoryMetricsAutoConfiguration#repositoryTagsProvider matched:
?[0m?[0;34m      - @ConditionalOnMissingBean (types: org.springframework.boot.actuate.metrics.data.RepositoryTagsProvider; SearchStrategy: all) did not find any beans (OnBeanCondition)
?[0m?[0;34m
?[0m?[0;34m   RestTemplateAutoConfiguration matched:
?[0m?[0;34m      - @ConditionalOnClass found required class 'org.springframework.web.client.RestTemplate' (OnClassCondition)
?[0m?[0;34m      - NoneNestedConditions 0 matched 1 did not; NestedCondition on RestTemplateAutoConfiguration.NotReactiveWebApplicationCondition.ReactiveWebApplication did not find reactive web application classes (RestTemplateAutoConfiguration.NotReactiveWebApplicationCondition)
?[0m?[0;34m
?[0m?[0;34m   RestTemplateAutoConfiguration#restTemplateBuilder matched:
?[0m?[0;34m      - @ConditionalOnMissingBean (types: org.springframework.boot.web.client.RestTemplateBuilder; SearchStrategy: all) did not find any beans (OnBeanCondition)
?[0m?[0;34m
?[0m?[0;34m   RestTemplateAutoConfiguration#restTemplateBuilderConfigurer matched:
?[0m?[0;34m      - @ConditionalOnMissingBean (types: org.springframework.boot.autoconfigure.web.client.RestTemplateBuilderConfigurer; SearchStrategy: all) did not find any beans (OnBeanCondition)
?[0m?[0;34m
?[0m?[0;34m   RestTemplateMetricsConfiguration matched:
?[0m?[0;34m      - @ConditionalOnClass found required class 'org.springframework.web.client.RestTemplate' (OnClassCondition)
?[0m?[0;34m      - @ConditionalOnBean (types: org.springframework.boot.web.client.RestTemplateBuilder; SearchStrategy: all) found bean 'restTemplateBuilder' (OnBeanCondition)
?[0m?[0;34m
?[0m?[0;34m   RestTemplateMetricsConfiguration#restTemplateExchangeTagsProvider matched:
?[0m?[0;34m      - @ConditionalOnMissingBean (types: org.springframework.boot.actuate.metrics.web.client.RestTemplateExchangeTagsProvider; SearchStrategy: all) did not find any beans (OnBeanCondition)
?[0m?[0;34m
?[0m?[0;34m   ScheduledTasksEndpointAutoConfiguration matched:
?[0m?[0;34m      - @ConditionalOnAvailableEndpoint no property management.endpoint.scheduledtasks.enabled found so using endpoint default; @ConditionalOnAvailableEndpoint marked as exposed by a 'management.endpoints.web.exposure' property (OnAvailableEndpointCondition)
?[0m?[0;34m
?[0m?[0;34m   ScheduledTasksEndpointAutoConfiguration#scheduledTasksEndpoint matched:
?[0m?[0;34m      - @ConditionalOnMissingBean (types: org.springframework.boot.actuate.scheduling.ScheduledTasksEndpoint; SearchStrategy: all) did not find any beans (OnBeanCondition)
?[0m?[0;34m
?[0m?[0;34m   ServletEndpointManagementContextConfiguration matched:
?[0m?[0;34m      - found 'session' scope (OnWebApplicationCondition)
?[0m?[0;34m
?[0m?[0;34m   ServletEndpointManagementContextConfiguration.WebMvcServletEndpointManagementContextConfiguration matched:
?[0m?[0;34m      - @ConditionalOnClass found required class 'org.springframework.web.servlet.DispatcherServlet' (OnClassCondition)
?[0m?[0;34m
?[0m?[0;34m   ServletManagementContextAutoConfiguration matched:
?[0m?[0;34m      - @ConditionalOnClass found required class 'javax.servlet.Servlet' (OnClassCondition)
?[0m?[0;34m      - found 'session' scope (OnWebApplicationCondition)
?[0m?[0;34m
?[0m?[0;34m   ServletWebServerFactoryAutoConfiguration matched:
?[0m?[0;34m      - @ConditionalOnClass found required class 'javax.servlet.ServletRequest' (OnClassCondition)
?[0m?[0;34m      - found 'session' scope (OnWebApplicationCondition)
?[0m?[0;34m
?[0m?[0;34m   ServletWebServerFactoryAutoConfiguration#tomcatServletWebServerFactoryCustomizer matched:
?[0m?[0;34m      - @ConditionalOnClass found required class 'org.apache.catalina.startup.Tomcat' (OnClassCondition)
?[0m?[0;34m
?[0m?[0;34m   ServletWebServerFactoryConfiguration.EmbeddedTomcat matched:
?[0m?[0;34m      - @ConditionalOnClass found required classes 'javax.servlet.Servlet', 'org.apache.catalina.startup.Tomcat', 'org.apache.coyote.UpgradeProtocol' (OnClassCondition)
?[0m?[0;34m      - @ConditionalOnMissingBean (types: org.springframework.boot.web.servlet.server.ServletWebServerFactory; SearchStrategy: current) did not find any beans (OnBeanCondition)
?[0m?[0;34m
?[0m?[0;34m   ShutdownEndpointAutoConfiguration matched:
?[0m?[0;34m      - @ConditionalOnAvailableEndpoint found property management.endpoint.shutdown.enabled with value true; @ConditionalOnAvailableEndpoint marked as exposed by a 'management.endpoints.web.exposure' property (OnAvailableEndpointCondition)
?[0m?[0;34m
?[0m?[0;34m   ShutdownEndpointAutoConfiguration#shutdownEndpoint matched:
?[0m?[0;34m      - @ConditionalOnMissingBean (types: org.springframework.boot.actuate.context.ShutdownEndpoint; SearchStrategy: all) did not find any beans (OnBeanCondition)
?[0m?[0;34m
?[0m?[0;34m   SimpleCacheConfiguration matched:
?[0m?[0;34m      - Cache org.springframework.boot.autoconfigure.cache.SimpleCacheConfiguration automatic cache type (CacheCondition)
?[0m?[0;34m
?[0m?[0;34m   SimpleMetricsExportAutoConfiguration matched:
?[0m?[0;34m      - @ConditionalOnEnabledMetricsExport management.metrics.export.defaults.enabled is considered true (OnMetricsExportEnabledCondition)
?[0m?[0;34m      - @ConditionalOnBean (types: io.micrometer.core.instrument.Clock; SearchStrategy: all) found bean 'micrometerClock'; @ConditionalOnMissingBean (types: io.micrometer.core.instrument.MeterRegistry; SearchStrategy: all) did not find any beans (OnBeanCondition)
?[0m?[0;34m
?[0m?[0;34m   SimpleMetricsExportAutoConfiguration#simpleConfig matched:
?[0m?[0;34m      - @ConditionalOnMissingBean (types: io.micrometer.core.instrument.simple.SimpleConfig; SearchStrategy: all) did not find any beans (OnBeanCondition)
?[0m?[0;34m
?[0m?[0;34m   SpringDataWebAutoConfiguration matched:
?[0m?[0;34m      - @ConditionalOnClass found required classes 'org.springframework.data.web.PageableHandlerMethodArgumentResolver', 'org.springframework.web.servlet.config.annotation.WebMvcConfigurer' (OnClassCondition)
?[0m?[0;34m      - found 'session' scope (OnWebApplicationCondition)
?[0m?[0;34m      - @ConditionalOnMissingBean (types: org.springframework.data.web.PageableHandlerMethodArgumentResolver; SearchStrategy: all) did not find any beans (OnBeanCondition)
?[0m?[0;34m
?[0m?[0;34m   SpringDataWebAutoConfiguration#pageableCustomizer matched:
?[0m?[0;34m      - @ConditionalOnMissingBean (types: org.springframework.data.web.config.PageableHandlerMethodArgumentResolverCustomizer; SearchStrategy: all) did not find any beans (OnBeanCondition)
?[0m?[0;34m
?[0m?[0;34m   SpringDataWebAutoConfiguration#sortCustomizer matched:
?[0m?[0;34m      - @ConditionalOnMissingBean (types: org.springframework.data.web.config.SortHandlerMethodArgumentResolverCustomizer; SearchStrategy: all) did not find any beans (OnBeanCondition)
?[0m?[0;34m
?[0m?[0;34m   SqlInitializationAutoConfiguration matched:
?[0m?[0;34m      - @ConditionalOnProperty (spring.sql.init.enabled) matched (OnPropertyCondition)
?[0m?[0;34m      - NoneNestedConditions 0 matched 1 did not; NestedCondition on SqlInitializationAutoConfiguration.SqlInitializationModeCondition.ModeIsNever @ConditionalOnProperty (spring.sql.init.mode=never) did not find property 'mode' (SqlInitializationAutoConfiguration.SqlInitializationModeCondition)
?[0m?[0;34m      - @ConditionalOnMissingBean (types: org.springframework.boot.sql.init.AbstractScriptDatabaseInitializer; SearchStrategy: all) did not find any beans (OnBeanCondition)
?[0m?[0;34m
?[0m?[0;34m   SystemMetricsAutoConfiguration matched:
?[0m?[0;34m      - @ConditionalOnClass found required class 'io.micrometer.core.instrument.MeterRegistry' (OnClassCondition)
?[0m?[0;34m      - @ConditionalOnBean (types: io.micrometer.core.instrument.MeterRegistry; SearchStrategy: all) found bean 'simpleMeterRegistry' (OnBeanCondition)
?[0m?[0;34m
?[0m?[0;34m   SystemMetricsAutoConfiguration#fileDescriptorMetrics matched:
?[0m?[0;34m      - @ConditionalOnMissingBean (types: io.micrometer.core.instrument.binder.system.FileDescriptorMetrics; SearchStrategy: all) did not find any beans (OnBeanCondition)
?[0m?[0;34m
?[0m?[0;34m   SystemMetricsAutoConfiguration#processorMetrics matched:
?[0m?[0;34m      - @ConditionalOnMissingBean (types: io.micrometer.core.instrument.binder.system.ProcessorMetrics; SearchStrategy: all) did not find any beans (OnBeanCondition)
?[0m?[0;34m
?[0m?[0;34m   SystemMetricsAutoConfiguration#uptimeMetrics matched:
?[0m?[0;34m      - @ConditionalOnMissingBean (types: io.micrometer.core.instrument.binder.system.UptimeMetrics; SearchStrategy: all) did not find any beans (OnBeanCondition)
?[0m?[0;34m
?[0m?[0;34m   TaskExecutionAutoConfiguration matched:
?[0m?[0;34m      - @ConditionalOnClass found required class 'org.springframework.scheduling.concurrent.ThreadPoolTaskExecutor' (OnClassCondition)
?[0m?[0;34m
?[0m?[0;34m   TaskExecutionAutoConfiguration#applicationTaskExecutor matched:
?[0m?[0;34m      - @ConditionalOnMissingBean (types: java.util.concurrent.Executor; SearchStrategy: all) did not find any beans (OnBeanCondition)
?[0m?[0;34m
?[0m?[0;34m   TaskExecutionAutoConfiguration#taskExecutorBuilder matched:
?[0m?[0;34m      - @ConditionalOnMissingBean (types: org.springframework.boot.task.TaskExecutorBuilder; SearchStrategy: all) did not find any beans (OnBeanCondition)
?[0m?[0;34m
?[0m?[0;34m   TaskSchedulingAutoConfiguration matched:
?[0m?[0;34m      - @ConditionalOnClass found required class 'org.springframework.scheduling.concurrent.ThreadPoolTaskScheduler' (OnClassCondition)
?[0m?[0;34m
?[0m?[0;34m   TaskSchedulingAutoConfiguration#taskSchedulerBuilder matched:
?[0m?[0;34m      - @ConditionalOnMissingBean (types: org.springframework.boot.task.TaskSchedulerBuilder; SearchStrategy: all) did not find any beans (OnBeanCondition)
?[0m?[0;34m
?[0m?[0;34m   ThreadDumpEndpointAutoConfiguration matched:
?[0m?[0;34m      - @ConditionalOnAvailableEndpoint no property management.endpoint.threaddump.enabled found so using endpoint default; @ConditionalOnAvailableEndpoint marked as exposed by a 'management.endpoints.web.exposure' property (OnAvailableEndpointCondition)
?[0m?[0;34m
?[0m?[0;34m   ThreadDumpEndpointAutoConfiguration#dumpEndpoint matched:
?[0m?[0;34m      - @ConditionalOnMissingBean (types: org.springframework.boot.actuate.management.ThreadDumpEndpoint; SearchStrategy: all) did not find any beans (OnBeanCondition)
?[0m?[0;34m
?[0m?[0;34m   TomcatMetricsAutoConfiguration matched:
?[0m?[0;34m      - @ConditionalOnClass found required classes 'io.micrometer.core.instrument.binder.tomcat.TomcatMetrics', 'org.apache.catalina.Manager' (OnClassCondition)
?[0m?[0;34m      - @ConditionalOnWebApplication (required) found 'session' scope (OnWebApplicationCondition)
?[0m?[0;34m
?[0m?[0;34m   TomcatMetricsAutoConfiguration#tomcatMetricsBinder matched:
?[0m?[0;34m      - @ConditionalOnBean (types: io.micrometer.core.instrument.MeterRegistry; SearchStrategy: all) found bean 'simpleMeterRegistry'; @ConditionalOnMissingBean (types: io.micrometer.core.instrument.binder.tomcat.TomcatMetrics,org.springframework.boot.actuate.metrics.web.tomcat.TomcatMetricsBinder; SearchStrategy: all) did not find any beans (OnBeanCondition)
?[0m?[0;34m
?[0m?[0;34m   TransactionAutoConfiguration matched:
?[0m?[0;34m      - @ConditionalOnClass found required class 'org.springframework.transaction.PlatformTransactionManager' (OnClassCondition)
?[0m?[0;34m
?[0m?[0;34m   TransactionAutoConfiguration#platformTransactionManagerCustomizers matched:
?[0m?[0;34m      - @ConditionalOnMissingBean (types: org.springframework.boot.autoconfigure.transaction.TransactionManagerCustomizers; SearchStrategy: all) did not find any beans (OnBeanCondition)
?[0m?[0;34m
?[0m?[0;34m   TransactionAutoConfiguration.EnableTransactionManagementConfiguration matched:
?[0m?[0;34m      - @ConditionalOnBean (types: org.springframework.transaction.TransactionManager; SearchStrategy: all) found bean 'transactionManager'; @ConditionalOnMissingBean (types: org.springframework.transaction.annotation.AbstractTransactionManagementConfiguration; SearchStrategy: all) did not find any beans (OnBeanCondition)
?[0m?[0;34m
?[0m?[0;34m   TransactionAutoConfiguration.EnableTransactionManagementConfiguration.CglibAutoProxyConfiguration matched:
?[0m?[0;34m      - @ConditionalOnProperty (spring.aop.proxy-target-class=true) matched (OnPropertyCondition)
?[0m?[0;34m
?[0m?[0;34m   TransactionAutoConfiguration.TransactionTemplateConfiguration matched:
?[0m?[0;34m      - @ConditionalOnSingleCandidate (types: org.springframework.transaction.PlatformTransactionManager; SearchStrategy: all) found a primary bean from beans 'transactionManager' (OnBeanCondition)
?[0m?[0;34m
?[0m?[0;34m   TransactionAutoConfiguration.TransactionTemplateConfiguration#transactionTemplate matched:
?[0m?[0;34m      - @ConditionalOnMissingBean (types: org.springframework.transaction.support.TransactionOperations; SearchStrategy: all) did not find any beans (OnBeanCondition)
?[0m?[0;34m
?[0m?[0;34m   WebEndpointAutoConfiguration matched:
?[0m?[0;34m      - @ConditionalOnWebApplication (required) found 'session' scope (OnWebApplicationCondition)
?[0m?[0;34m
?[0m?[0;34m   WebEndpointAutoConfiguration#controllerEndpointDiscoverer matched:
?[0m?[0;34m      - @ConditionalOnMissingBean (types: org.springframework.boot.actuate.endpoint.web.annotation.ControllerEndpointsSupplier; SearchStrategy: all) did not find any beans (OnBeanCondition)
?[0m?[0;34m
?[0m?[0;34m   WebEndpointAutoConfiguration#endpointMediaTypes matched:
?[0m?[0;34m      - @ConditionalOnMissingBean (types: org.springframework.boot.actuate.endpoint.web.EndpointMediaTypes; SearchStrategy: all) did not find any beans (OnBeanCondition)
?[0m?[0;34m
?[0m?[0;34m   WebEndpointAutoConfiguration#pathMappedEndpoints matched:
?[0m?[0;34m      - @ConditionalOnMissingBean (types: org.springframework.boot.actuate.endpoint.web.PathMappedEndpoints; SearchStrategy: all) did not find any beans (OnBeanCondition)
?[0m?[0;34m
?[0m?[0;34m   WebEndpointAutoConfiguration#webEndpointDiscoverer matched:
?[0m?[0;34m      - @ConditionalOnMissingBean (types: org.springframework.boot.actuate.endpoint.web.WebEndpointsSupplier; SearchStrategy: all) did not find any beans (OnBeanCondition)
?[0m?[0;34m
?[0m?[0;34m   WebEndpointAutoConfiguration.WebEndpointServletConfiguration matched:
?[0m?[0;34m      - found 'session' scope (OnWebApplicationCondition)
?[0m?[0;34m
?[0m?[0;34m   WebEndpointAutoConfiguration.WebEndpointServletConfiguration#servletEndpointDiscoverer matched:
?[0m?[0;34m      - @ConditionalOnMissingBean (types: org.springframework.boot.actuate.endpoint.web.annotation.ServletEndpointsSupplier; SearchStrategy: all) did not find any beans (OnBeanCondition)
?[0m?[0;34m
?[0m?[0;34m   WebMvcAutoConfiguration matched:
?[0m?[0;34m      - @ConditionalOnClass found required classes 'javax.servlet.Servlet', 'org.springframework.web.servlet.DispatcherServlet', 'org.springframework.web.servlet.config.annotation.WebMvcConfigurer' (OnClassCondition)
?[0m?[0;34m      - found 'session' scope (OnWebApplicationCondition)
?[0m?[0;34m      - @ConditionalOnMissingBean (types: org.springframework.web.servlet.config.annotation.WebMvcConfigurationSupport; SearchStrategy: all) did not find any beans (OnBeanCondition)
?[0m?[0;34m
?[0m?[0;34m   WebMvcAutoConfiguration#formContentFilter matched:
?[0m?[0;34m      - @ConditionalOnProperty (spring.mvc.formcontent.filter.enabled) matched (OnPropertyCondition)
?[0m?[0;34m      - @ConditionalOnMissingBean (types: org.springframework.web.filter.FormContentFilter; SearchStrategy: all) did not find any beans (OnBeanCondition)
?[0m?[0;34m
?[0m?[0;34m   WebMvcAutoConfiguration.EnableWebMvcConfiguration#flashMapManager matched:
?[0m?[0;34m      - @ConditionalOnMissingBean (names: flashMapManager; SearchStrategy: all) did not find any beans (OnBeanCondition)
?[0m?[0;34m
?[0m?[0;34m   WebMvcAutoConfiguration.EnableWebMvcConfiguration#localeResolver matched:
?[0m?[0;34m      - @ConditionalOnMissingBean (names: localeResolver; SearchStrategy: all) did not find any beans (OnBeanCondition)
?[0m?[0;34m
?[0m?[0;34m   WebMvcAutoConfiguration.EnableWebMvcConfiguration#themeResolver matched:
?[0m?[0;34m      - @ConditionalOnMissingBean (names: themeResolver; SearchStrategy: all) did not find any beans (OnBeanCondition)
?[0m?[0;34m
?[0m?[0;34m   WebMvcAutoConfiguration.WebMvcAutoConfigurationAdapter#defaultViewResolver matched:
?[0m?[0;34m      - @ConditionalOnMissingBean (types: org.springframework.web.servlet.view.InternalResourceViewResolver; SearchStrategy: all) did not find any beans (OnBeanCondition)
?[0m?[0;34m
?[0m?[0;34m   WebMvcAutoConfiguration.WebMvcAutoConfigurationAdapter#requestContextFilter matched:
?[0m?[0;34m      - @ConditionalOnMissingBean (types: org.springframework.web.context.request.RequestContextListener,org.springframework.web.filter.RequestContextFilter; SearchStrategy: all) did not find any beans (OnBeanCondition)
?[0m?[0;34m
?[0m?[0;34m   WebMvcAutoConfiguration.WebMvcAutoConfigurationAdapter#viewResolver matched:
?[0m?[0;34m      - @ConditionalOnBean (types: org.springframework.web.servlet.ViewResolver; SearchStrategy: all) found beans 'defaultViewResolver', 'beanNameViewResolver', 'mvcViewResolver'; @ConditionalOnMissingBean (names: viewResolver types: org.springframework.web.servlet.view.ContentNegotiatingViewResolver; SearchStrategy: all) did not find any beans (OnBeanCondition)
?[0m?[0;34m
?[0m?[0;34m   WebMvcEndpointManagementContextConfiguration matched:
?[0m?[0;34m      - @ConditionalOnClass found required class 'org.springframework.web.servlet.DispatcherServlet' (OnClassCondition)
?[0m?[0;34m      - found 'session' scope (OnWebApplicationCondition)
?[0m?[0;34m      - @ConditionalOnBean (types: org.springframework.web.servlet.DispatcherServlet,org.springframework.boot.actuate.endpoint.web.WebEndpointsSupplier; SearchStrategy: all) found beans 'webEndpointDiscoverer', 'dispatcherServlet' (OnBeanCondition)
?[0m?[0;34m
?[0m?[0;34m   WebMvcEndpointManagementContextConfiguration#controllerEndpointHandlerMapping matched:
?[0m?[0;34m      - @ConditionalOnMissingBean (types: org.springframework.boot.actuate.endpoint.web.servlet.ControllerEndpointHandlerMapping; SearchStrategy: all) did not find any beans (OnBeanCondition)
?[0m?[0;34m
?[0m?[0;34m   WebMvcEndpointManagementContextConfiguration#webEndpointServletHandlerMapping matched:
?[0m?[0;34m      - @ConditionalOnMissingBean (types: org.springframework.boot.actuate.endpoint.web.servlet.WebMvcEndpointHandlerMapping; SearchStrategy: all) did not find any beans (OnBeanCondition)
?[0m?[0;34m
?[0m?[0;34m   WebMvcMetricsAutoConfiguration matched:
?[0m?[0;34m      - @ConditionalOnClass found required class 'org.springframework.web.servlet.DispatcherServlet' (OnClassCondition)
?[0m?[0;34m      - found 'session' scope (OnWebApplicationCondition)
?[0m?[0;34m      - @ConditionalOnBean (types: io.micrometer.core.instrument.MeterRegistry; SearchStrategy: all) found bean 'simpleMeterRegistry' (OnBeanCondition)
?[0m?[0;34m
?[0m?[0;34m   WebMvcMetricsAutoConfiguration#webMvcTagsProvider matched:
?[0m?[0;34m      - @ConditionalOnMissingBean (types: org.springframework.boot.actuate.metrics.web.servlet.WebMvcTagsProvider; SearchStrategy: all) did not find any beans (OnBeanCondition)
?[0m?[0;34m
?[0m?[0;34m   WebSocketServletAutoConfiguration matched:
?[0m?[0;34m      - @ConditionalOnClass found required classes 'javax.servlet.Servlet', 'javax.websocket.server.ServerContainer' (OnClassCondition)
?[0m?[0;34m      - found 'session' scope (OnWebApplicationCondition)
?[0m?[0;34m
?[0m?[0;34m   WebSocketServletAutoConfiguration.TomcatWebSocketConfiguration matched:
?[0m?[0;34m      - @ConditionalOnClass found required classes 'org.apache.catalina.startup.Tomcat', 'org.apache.tomcat.websocket.server.WsSci' (OnClassCondition)
?[0m?[0;34m
?[0m?[0;34m   WebSocketServletAutoConfiguration.TomcatWebSocketConfiguration#websocketServletWebServerCustomizer matched:
?[0m?[0;34m      - @ConditionalOnMissingBean (names: websocketServletWebServerCustomizer; SearchStrategy: all) did not find any beans (OnBeanCondition)
?[0m?[0;34m
?[0m?[0;34m
?[0m?[0;34mNegative matches:
?[0m?[0;34m-----------------
?[0m?[0;34m
?[0m?[0;34m   ActiveMQAutoConfiguration:
?[0m?[0;34m      Did not match:
?[0m?[0;34m         - @ConditionalOnClass did not find required class 'javax.jms.ConnectionFactory' (OnClassCondition)
?[0m?[0;34m
?[0m?[0;34m   AopAutoConfiguration.AspectJAutoProxyingConfiguration.JdkDynamicAutoProxyConfiguration:
?[0m?[0;34m      Did not match:
?[0m?[0;34m         - @ConditionalOnProperty (spring.aop.proxy-target-class=false) did not find property 'proxy-target-class' (OnPropertyCondition)
?[0m?[0;34m
?[0m?[0;34m   AopAutoConfiguration.ClassProxyingConfiguration:
?[0m?[0;34m      Did not match:
?[0m?[0;34m         - @ConditionalOnMissingClass found unwanted class 'org.aspectj.weaver.Advice' (OnClassCondition)
?[0m?[0;34m
?[0m?[0;34m   AppOpticsMetricsExportAutoConfiguration:
?[0m?[0;34m      Did not match:
?[0m?[0;34m         - @ConditionalOnClass did not find required class 'io.micrometer.appoptics.AppOpticsMeterRegistry' (OnClassCondition)
?[0m?[0;34m
?[0m?[0;34m   ArtemisAutoConfiguration:
?[0m?[0;34m      Did not match:
?[0m?[0;34m         - @ConditionalOnClass did not find required class 'javax.jms.ConnectionFactory' (OnClassCondition)
?[0m?[0;34m
?[0m?[0;34m   AtlasMetricsExportAutoConfiguration:
?[0m?[0;34m      Did not match:
?[0m?[0;34m         - @ConditionalOnClass did not find required class 'io.micrometer.atlas.AtlasMeterRegistry' (OnClassCondition)
?[0m?[0;34m
?[0m?[0;34m   AtomikosJtaConfiguration:
?[0m?[0;34m      Did not match:
?[0m?[0;34m         - @ConditionalOnClass did not find required class 'com.atomikos.icatch.jta.UserTransactionManager' (OnClassCondition)
?[0m?[0;34m
?[0m?[0;34m   AuditAutoConfiguration:
?[0m?[0;34m      Did not match:
?[0m?[0;34m         - @ConditionalOnBean (types: org.springframework.boot.actuate.audit.AuditEventRepository; SearchStrategy: all) did not find any beans of type org.springframework.boot.actuate.audit.AuditEventRepository (OnBeanCondition)
?[0m?[0;34m      Matched:
?[0m?[0;34m         - @ConditionalOnProperty (management.auditevents.enabled) matched (OnPropertyCondition)
?[0m?[0;34m
?[0m?[0;34m   AuditEventsEndpointAutoConfiguration#auditEventsEndpoint:
?[0m?[0;34m      Did not match:
?[0m?[0;34m         - @ConditionalOnBean (types: org.springframework.boot.actuate.audit.AuditEventRepository; SearchStrategy: all) did not find any beans of type org.springframework.boot.actuate.audit.AuditEventRepository (OnBeanCondition)
?[0m?[0;34m
?[0m?[0;34m   AvailabilityHealthContributorAutoConfiguration#livenessStateHealthIndicator:
?[0m?[0;34m      Did not match:
?[0m?[0;34m         - @ConditionalOnProperty (management.health.livenessstate.enabled=true) did not find property 'enabled' (OnPropertyCondition)
?[0m?[0;34m
?[0m?[0;34m   AvailabilityHealthContributorAutoConfiguration#readinessStateHealthIndicator:
?[0m?[0;34m      Did not match:
?[0m?[0;34m         - @ConditionalOnProperty (management.health.readinessstate.enabled=true) did not find property 'enabled' (OnPropertyCondition)
?[0m?[0;34m
?[0m?[0;34m   AvailabilityProbesAutoConfiguration:
?[0m?[0;34m      Did not match:
?[0m?[0;34m         - Probes availability not running on a supported cloud platform (AvailabilityProbesAutoConfiguration.ProbesCondition)
?[0m?[0;34m
?[0m?[0;34m   BatchAutoConfiguration:
?[0m?[0;34m      Did not match:
?[0m?[0;34m         - @ConditionalOnClass did not find required class 'org.springframework.batch.core.launch.JobLauncher' (OnClassCondition)
?[0m?[0;34m
?[0m?[0;34m   CacheAutoConfiguration:
?[0m?[0;34m      Did not match:
?[0m?[0;34m         - @ConditionalOnBean (types: org.springframework.cache.interceptor.CacheAspectSupport; SearchStrategy: all) did not find any beans of type org.springframework.cache.interceptor.CacheAspectSupport (OnBeanCondition)
?[0m?[0;34m      Matched:
?[0m?[0;34m         - @ConditionalOnClass found required class 'org.springframework.cache.CacheManager' (OnClassCondition)
?[0m?[0;34m
?[0m?[0;34m   CacheAutoConfiguration.CacheManagerEntityManagerFactoryDependsOnPostProcessor:
?[0m?[0;34m      Did not match:
?[0m?[0;34m         - Ancestor org.springframework.boot.autoconfigure.cache.CacheAutoConfiguration did not match (ConditionEvaluationReport.AncestorsMatchedCondition)
?[0m?[0;34m      Matched:
?[0m?[0;34m         - @ConditionalOnClass found required class 'org.springframework.orm.jpa.LocalContainerEntityManagerFactoryBean' (OnClassCondition)
?[0m?[0;34m
?[0m?[0;34m   CacheMeterBinderProvidersConfiguration.CaffeineCacheMeterBinderProviderConfiguration:
?[0m?[0;34m      Did not match:
?[0m?[0;34m         - @ConditionalOnClass did not find required class 'com.github.benmanes.caffeine.cache.Cache' (OnClassCondition)
?[0m?[0;34m
?[0m?[0;34m   CacheMeterBinderProvidersConfiguration.EhCache2CacheMeterBinderProviderConfiguration:
?[0m?[0;34m      Did not match:
?[0m?[0;34m         - @ConditionalOnClass did not find required class 'net.sf.ehcache.Ehcache' (OnClassCondition)
?[0m?[0;34m
?[0m?[0;34m   CacheMeterBinderProvidersConfiguration.HazelcastCacheMeterBinderProviderConfiguration:
?[0m?[0;34m      Did not match:
?[0m?[0;34m         - @ConditionalOnClass did not find required classes 'com.hazelcast.spring.cache.HazelcastCache', 'com.hazelcast.core.Hazelcast' (OnClassCondition)
?[0m?[0;34m
?[0m?[0;34m   CacheMeterBinderProvidersConfiguration.JCacheCacheMeterBinderProviderConfiguration:
?[0m?[0;34m      Did not match:
?[0m?[0;34m         - @ConditionalOnClass did not find required class 'javax.cache.CacheManager' (OnClassCondition)
?[0m?[0;34m
?[0m?[0;34m   CacheMeterBinderProvidersConfiguration.RedisCacheMeterBinderProviderConfiguration:
?[0m?[0;34m      Did not match:
?[0m?[0;34m         - @ConditionalOnClass did not find required class 'org.springframework.data.redis.cache.RedisCache' (OnClassCondition)
?[0m?[0;34m
?[0m?[0;34m   CacheMetricsAutoConfiguration:
?[0m?[0;34m      Did not match:
?[0m?[0;34m         - @ConditionalOnBean (types: org.springframework.cache.CacheManager; SearchStrategy: all) did not find any beans of type org.springframework.cache.CacheManager (OnBeanCondition)
?[0m?[0;34m
?[0m?[0;34m   CaffeineCacheConfiguration:
?[0m?[0;34m      Did not match:
?[0m?[0;34m         - @ConditionalOnClass did not find required class 'com.github.benmanes.caffeine.cache.Caffeine' (OnClassCondition)
?[0m?[0;34m
?[0m?[0;34m   CassandraAutoConfiguration:
?[0m?[0;34m      Did not match:
?[0m?[0;34m         - @ConditionalOnClass did not find required class 'com.datastax.oss.driver.api.core.CqlSession' (OnClassCondition)
?[0m?[0;34m
?[0m?[0;34m   CassandraDataAutoConfiguration:
?[0m?[0;34m      Did not match:
?[0m?[0;34m         - @ConditionalOnClass did not find required class 'com.datastax.oss.driver.api.core.CqlSession' (OnClassCondition)
?[0m?[0;34m
?[0m?[0;34m   CassandraHealthContributorAutoConfiguration:
?[0m?[0;34m      Did not match:
?[0m?[0;34m         - @ConditionalOnClass did not find required class 'com.datastax.oss.driver.api.core.CqlSession' (OnClassCondition)
?[0m?[0;34m
?[0m?[0;34m   CassandraReactiveDataAutoConfiguration:
?[0m?[0;34m      Did not match:
?[0m?[0;34m         - @ConditionalOnClass did not find required class 'com.datastax.oss.driver.api.core.CqlSession' (OnClassCondition)
?[0m?[0;34m
?[0m?[0;34m   CassandraReactiveHealthContributorAutoConfiguration:
?[0m?[0;34m      Did not match:
?[0m?[0;34m         - @ConditionalOnClass did not find required class 'com.datastax.oss.driver.api.core.CqlSession' (OnClassCondition)
?[0m?[0;34m
?[0m?[0;34m   CassandraReactiveRepositoriesAutoConfiguration:
?[0m?[0;34m      Did not match:
?[0m?[0;34m         - @ConditionalOnClass did not find required class 'org.springframework.data.cassandra.ReactiveSession' (OnClassCondition)
?[0m?[0;34m
?[0m?[0;34m   CassandraRepositoriesAutoConfiguration:
?[0m?[0;34m      Did not match:
?[0m?[0;34m         - @ConditionalOnClass did not find required class 'com.datastax.oss.driver.api.core.CqlSession' (OnClassCondition)
?[0m?[0;34m
?[0m?[0;34m   ClientHttpConnectorAutoConfiguration:
?[0m?[0;34m      Did not match:
?[0m?[0;34m         - @ConditionalOnClass did not find required class 'org.springframework.web.reactive.function.client.WebClient' (OnClassCondition)
?[0m?[0;34m
?[0m?[0;34m   CloudFoundryActuatorAutoConfiguration:
?[0m?[0;34m      Did not match:
?[0m?[0;34m         - @ConditionalOnCloudPlatform did not find CLOUD_FOUNDRY (OnCloudPlatformCondition)
?[0m?[0;34m      Matched:
?[0m?[0;34m         - @ConditionalOnClass found required class 'org.springframework.web.servlet.DispatcherServlet' (OnClassCondition)
?[0m?[0;34m         - found 'session' scope (OnWebApplicationCondition)
?[0m?[0;34m         - @ConditionalOnProperty (management.cloudfoundry.enabled) matched (OnPropertyCondition)
?[0m?[0;34m
?[0m?[0;34m   CodecsAutoConfiguration:
?[0m?[0;34m      Did not match:
?[0m?[0;34m         - @ConditionalOnClass did not find required class 'org.springframework.web.reactive.function.client.WebClient' (OnClassCondition)
?[0m?[0;34m
?[0m?[0;34m   CompositeMeterRegistryConfiguration:
?[0m?[0;34m      Did not match:
[...]
?[0m?[0;34m2023-03-03 00:32:36.975 DEBUG 11836 --- [nio-8889-exec-6] s.w.s.m.m.a.RequestMappingHandlerMapping : Mapped to platform.presentationlayer.WEBcpsController#getCodeNewCreationEndPoint2(Model, String)
?[0m?[0;34m2023-03-03 00:32:36.976 DEBUG 11836 --- [nio-8889-exec-6] org.hibernate.SQL                        : select code0_.id_code as id_code1_0_, code0_.code as code2_0_, code0_.codeuuid as codeuuid3_0_, code0_.formated_date_time as formated4_0_, code0_.date as date5_0_, code0_.remaining_time as remainin6_0_, code0_.remaining_views as remainin7_0_, code0_.restriction_by_date_is_accessible as restrict8_0_, code0_.restriction_by_views_is_accessible as restrict9_0_ from codes code0_ where code0_.codeuuid=?
?[0m?[0;34m2023-03-03 00:32:36.978 DEBUG 11836 --- [nio-8889-exec-6] .w.s.m.a.ResponseStatusExceptionResolver : Resolved [platform.businesslayer.CodeNotFoundException: There is no entry]
?[0m?[0;34m2023-03-03 00:32:36.978 DEBUG 11836 --- [nio-8889-exec-6] o.s.web.servlet.DispatcherServlet        : Completed 404 NOT_FOUND
?[0m?[0;34m2023-03-03 00:32:36.979 DEBUG 11836 --- [nio-8889-exec-6] o.s.web.servlet.DispatcherServlet        : "ERROR" dispatch for GET "/error", parameters={}
?[0m?[0;34m2023-03-03 00:32:36.979 DEBUG 11836 --- [nio-8889-exec-6] s.w.s.m.m.a.RequestMappingHandlerMapping : Mapped to org.springframework.boot.autoconfigure.web.servlet.error.BasicErrorController#error(HttpServletRequest)
?[0m?[0;34m2023-03-03 00:32:36.980 DEBUG 11836 --- [nio-8889-exec-6] o.s.w.s.m.m.a.HttpEntityMethodProcessor  : Using 'application/json', given [*/*] and supported [application/json, application/*+json, application/json, application/*+json]
?[0m?[0;34m2023-03-03 00:32:36.980 DEBUG 11836 --- [nio-8889-exec-6] o.s.w.s.m.m.a.HttpEntityMethodProcessor  : Writing [{timestamp=Fri Mar 03 00:32:36 EET 2023, status=404, error=Not Found, path=/code/7cfffa18-5848-4acd- (truncated)...]
?[0m?[0;34m2023-03-03 00:32:36.981 DEBUG 11836 --- [nio-8889-exec-6] o.s.web.servlet.DispatcherServlet        : Exiting from "ERROR" dispatch, status 404
?[1;31m
Start test 111?[0m
?[0;34m2023-03-03 00:32:36.986 DEBUG 11836 --- [nio-8889-exec-7] o.s.web.servlet.DispatcherServlet        : GET "/api/code/d9b5cab9-fce7-4a1f-bfea-d6d7029433ed", parameters={}
?[0m?[0;34m2023-03-03 00:32:36.986 DEBUG 11836 --- [nio-8889-exec-7] s.w.s.m.m.a.RequestMappingHandlerMapping : Mapped to platform.presentationlayer.APIcspController#getApiEnpoint(String)
?[0m?[0;34m2023-03-03 00:32:36.987 DEBUG 11836 --- [nio-8889-exec-7] org.hibernate.SQL                        : select code0_.id_code as id_code1_0_, code0_.code as code2_0_, code0_.codeuuid as codeuuid3_0_, code0_.formated_date_time as formated4_0_, code0_.date as date5_0_, code0_.remaining_time as remainin6_0_, code0_.remaining_views as remainin7_0_, code0_.restriction_by_date_is_accessible as restrict8_0_, code0_.restriction_by_views_is_accessible as restrict9_0_ from codes code0_ where code0_.codeuuid=?
?[0m?[0;34m12
?[0m?[0;34m2023-03-03T00:32:19.923236
?[0m?[0;34m2023-03-03 00:32:36.989 DEBUG 11836 --- [nio-8889-exec-7] m.m.a.RequestResponseBodyMethodProcessor : Using 'application/json', given [*/*] and supported [application/json, application/*+json, application/json, application/*+json]
?[0m?[0;34m2023-03-03 00:32:36.989 DEBUG 11836 --- [nio-8889-exec-7] m.m.a.RequestResponseBodyMethodProcessor : Writing [platform.businesslayer.Code@4addb4f0]
?[0m?[0;34m2023-03-03 00:32:36.989 DEBUG 11836 --- [nio-8889-exec-7] o.s.web.servlet.DispatcherServlet        : Completed 200 OK
?[1;31m
Start test 112?[0m
?[0;34m2023-03-03 00:32:36.994 DEBUG 11836 --- [nio-8889-exec-8] o.s.web.servlet.DispatcherServlet        : GET "/code/d9b5cab9-fce7-4a1f-bfea-d6d7029433ed", parameters={}
?[0m?[0;34m2023-03-03 00:32:36.995 DEBUG 11836 --- [nio-8889-exec-8] s.w.s.m.m.a.RequestMappingHandlerMapping : Mapped to platform.presentationlayer.WEBcpsController#getCodeNewCreationEndPoint2(Model, String)
?[0m?[0;34m2023-03-03 00:32:36.995 DEBUG 11836 --- [nio-8889-exec-8] org.hibernate.SQL                        : select code0_.id_code as id_code1_0_, code0_.code as code2_0_, code0_.codeuuid as codeuuid3_0_, code0_.formated_date_time as formated4_0_, code0_.date as date5_0_, code0_.remaining_time as remainin6_0_, code0_.remaining_views as remainin7_0_, code0_.restriction_by_date_is_accessible as restrict8_0_, code0_.restriction_by_views_is_accessible as restrict9_0_ from codes code0_ where code0_.codeuuid=?
?[0m?[0;34m12
?[0m?[0;34m2023-03-03T00:32:19.923236
?[0m?[0;34m2023-03-03 00:32:36.997 DEBUG 11836 --- [nio-8889-exec-8] o.s.w.servlet.view.BeanNameViewResolver  : Found bean named 'code' but it does not implement View
?[0m?[0;34m2023-03-03 00:32:36.998 DEBUG 11836 --- [nio-8889-exec-8] o.s.w.s.v.ContentNegotiatingViewResolver : Selected 'text/html' given [text/html]
?[0m?[0;34m2023-03-03 00:32:36.998 DEBUG 11836 --- [nio-8889-exec-8] o.s.w.s.view.freemarker.FreeMarkerView   : View name 'code', model {code=platform.businesslayer.Code@8d44e84, date=03-03-2023 00:32:19, org.springframework.validation.BindingResult.code=org.springframework.validation.BeanPropertyBindingResult: 0 errors}
?[0m?[0;34m2023-03-03 00:32:36.998 DEBUG 11836 --- [nio-8889-exec-8] o.s.w.s.view.freemarker.FreeMarkerView   : Rendering [code.ftlh]
?[0m?[0;34m2023-03-03 00:32:36.998 DEBUG 11836 --- [nio-8889-exec-8] o.s.web.servlet.DispatcherServlet        : Completed 200 OK
?[1;31m
Start test 113?[0m
?[0;34m2023-03-03 00:32:37.004 DEBUG 11836 --- [nio-8889-exec-9] o.s.web.servlet.DispatcherServlet        : GET "/api/code/latest", parameters={}
?[0m?[0;34m2023-03-03 00:32:37.005 DEBUG 11836 --- [nio-8889-exec-9] s.w.s.m.m.a.RequestMappingHandlerMapping : Mapped to platform.presentationlayer.APIcspController#getApiEnpoint2()
?[0m?[0;34m2023-03-03 00:32:37.006 DEBUG 11836 --- [nio-8889-exec-9] org.hibernate.SQL                        : SELECT * FROM CODES WHERE REMAINING_TIME = 0 AND REMAINING_VIEWS = 0 ORDER BY DATE DESC LIMIT 10
?[0m?[0;34m2023-03-03 00:32:37.008 DEBUG 11836 --- [nio-8889-exec-9] m.m.a.RequestResponseBodyMethodProcessor : Using 'application/json', given [*/*] and supported [application/json, application/*+json, application/json, application/*+json]
?[0m?[0;34m2023-03-03 00:32:37.008 DEBUG 11836 --- [nio-8889-exec-9] m.m.a.RequestResponseBodyMethodProcessor : Writing [[platform.businesslayer.Code@6aa57b8c, platform.businesslayer.Code@3378895f, platform.businesslayer. (truncated)...]
?[0m?[0;34m2023-03-03 00:32:37.009 DEBUG 11836 --- [nio-8889-exec-9] o.s.web.servlet.DispatcherServlet        : Completed 200 OK
?[1;31m
Start test 114?[0m
?[0;34m2023-03-03 00:32:37.015 DEBUG 11836 --- [io-8889-exec-10] o.s.web.servlet.DispatcherServlet        : GET "/code/latest", parameters={}
?[0m?[0;34m2023-03-03 00:32:37.015 DEBUG 11836 --- [io-8889-exec-10] s.w.s.m.m.a.RequestMappingHandlerMapping : Mapped to platform.presentationlayer.WEBcpsController#getWebLastTen(Model)
?[0m?[0;34m2023-03-03 00:32:37.016 DEBUG 11836 --- [io-8889-exec-10] org.hibernate.SQL                        : SELECT * FROM CODES WHERE REMAINING_TIME = 0 AND REMAINING_VIEWS = 0 ORDER BY DATE DESC LIMIT 10
?[0m?[0;34m2023-03-03 00:32:37.022 DEBUG 11836 --- [io-8889-exec-10] o.s.w.s.v.ContentNegotiatingViewResolver : Selected '*/*' given [*/*]
?[0m?[0;34m2023-03-03 00:32:37.022 DEBUG 11836 --- [io-8889-exec-10] o.s.w.s.view.freemarker.FreeMarkerView   : View name 'returnLastTen', model {snippets=[platform.businesslayer.Code@34949888, platform.businesslayer.Code@7196007e, platform.businesslayer.Code@283cde87, platform.businesslayer.Code@402d10e7, platform.businesslayer.Code@506d90b2, platform.businesslayer.Code@11b9ff31, platform.businesslayer.Code@5f3fd367, platform.businesslayer.Code@77bd5a4f, platform.businesslayer.Code@4b69bc0a, platform.businesslayer.Code@15f78221]}
?[0m?[0;34m2023-03-03 00:32:37.023 DEBUG 11836 --- [io-8889-exec-10] o.s.w.s.view.freemarker.FreeMarkerView   : Rendering [returnLastTen.ftlh]
?[0m?[0;34m2023-03-03 00:32:37.023 DEBUG 11836 --- [io-8889-exec-10] o.s.web.servlet.DispatcherServlet        : Completed 200 OK
?[1;31m
Start test 115?[0m
?[0m?[0;34m2023-03-03 00:32:37.029 DEBUG 11836 --- [nio-8889-exec-1] o.s.web.servlet.DispatcherServlet        : GET "/api/code/3ceea478-9f7f-4a94-a757-4ba2560c8bde", parameters={}
?[0m?[0;34m2023-03-03 00:32:37.029 DEBUG 11836 --- [nio-8889-exec-1] s.w.s.m.m.a.RequestMappingHandlerMapping : Mapped to platform.presentationlayer.APIcspController#getApiEnpoint(String)
?[0m?[0;34m2023-03-03 00:32:37.030 DEBUG 11836 --- [nio-8889-exec-1] org.hibernate.SQL                        : select code0_.id_code as id_code1_0_, code0_.code as code2_0_, code0_.codeuuid as codeuuid3_0_, code0_.formated_date_time as formated4_0_, code0_.date as date5_0_, code0_.remaining_time as remainin6_0_, code0_.remaining_views as remainin7_0_, code0_.restriction_by_date_is_accessible as restrict8_0_, code0_.restriction_by_views_is_accessible as restrict9_0_ from codes code0_ where code0_.codeuuid=?
?[0m?[0;34m2023-03-03 00:32:37.031 DEBUG 11836 --- [nio-8889-exec-1] org.hibernate.SQL                        : update codes set code=?, codeuuid=?, formated_date_time=?, date=?, remaining_time=?, remaining_views=?, restriction_by_date_is_accessible=?, restriction_by_views_is_accessible=? where id_code=?
?[0m?[0;34m2023-03-03 00:32:37.032 DEBUG 11836 --- [nio-8889-exec-1] m.m.a.RequestResponseBodyMethodProcessor : Using 'application/json', given [*/*] and supported [application/json, application/*+json, application/json, application/*+json]
?[0m?[0;34m2023-03-03 00:32:37.033 DEBUG 11836 --- [nio-8889-exec-1] m.m.a.RequestResponseBodyMethodProcessor : Writing [platform.businesslayer.Code@a42ed73]
?[0m?[0;34m2023-03-03 00:32:37.033 DEBUG 11836 --- [nio-8889-exec-1] o.s.web.servlet.DispatcherServlet        : Completed 200 OK
?[1;31m
Start test 116?[0m
?[0m?[0;34m2023-03-03 00:32:37.038 DEBUG 11836 --- [nio-8889-exec-2] o.s.web.servlet.DispatcherServlet        : GET "/api/code/3ceea478-9f7f-4a94-a757-4ba2560c8bde", parameters={}
?[0m?[0;34m2023-03-03 00:32:37.038 DEBUG 11836 --- [nio-8889-exec-2] s.w.s.m.m.a.RequestMappingHandlerMapping : Mapped to platform.presentationlayer.APIcspController#getApiEnpoint(String)
?[0m?[0;34m2023-03-03 00:32:37.039 DEBUG 11836 --- [nio-8889-exec-2] org.hibernate.SQL                        : select code0_.id_code as id_code1_0_, code0_.code as code2_0_, code0_.codeuuid as codeuuid3_0_, code0_.formated_date_time as formated4_0_, code0_.date as date5_0_, code0_.remaining_time as remainin6_0_, code0_.remaining_views as remainin7_0_, code0_.restriction_by_date_is_accessible as restrict8_0_, code0_.restriction_by_views_is_accessible as restrict9_0_ from codes code0_ where code0_.codeuuid=?
?[0m?[0;34m2023-03-03 00:32:37.040 DEBUG 11836 --- [nio-8889-exec-2] org.hibernate.SQL                        : update codes set code=?, codeuuid=?, formated_date_time=?, date=?, remaining_time=?, remaining_views=?, restriction_by_date_is_accessible=?, restriction_by_views_is_accessible=? where id_code=?
?[0m?[0;34m2023-03-03 00:32:37.041 DEBUG 11836 --- [nio-8889-exec-2] m.m.a.RequestResponseBodyMethodProcessor : Using 'application/json', given [*/*] and supported [application/json, application/*+json, application/json, application/*+json]
?[0m?[0;34m2023-03-03 00:32:37.042 DEBUG 11836 --- [nio-8889-exec-2] m.m.a.RequestResponseBodyMethodProcessor : Writing [platform.businesslayer.Code@1d7cb131]
?[0m?[0;34m2023-03-03 00:32:37.042 DEBUG 11836 --- [nio-8889-exec-2] o.s.web.servlet.DispatcherServlet        : Completed 200 OK
?[1;31m
Start test 117?[0m
?[0m?[0;34m2023-03-03 00:32:37.047 DEBUG 11836 --- [nio-8889-exec-3] o.s.web.servlet.DispatcherServlet        : GET "/code/3ceea478-9f7f-4a94-a757-4ba2560c8bde", parameters={}
?[0m?[0;34m2023-03-03 00:32:37.047 DEBUG 11836 --- [nio-8889-exec-3] s.w.s.m.m.a.RequestMappingHandlerMapping : Mapped to platform.presentationlayer.WEBcpsController#getCodeNewCreationEndPoint2(Model, String)
?[0m?[0;34m2023-03-03 00:32:37.048 DEBUG 11836 --- [nio-8889-exec-3] org.hibernate.SQL                        : select code0_.id_code as id_code1_0_, code0_.code as code2_0_, code0_.codeuuid as codeuuid3_0_, code0_.formated_date_time as formated4_0_, code0_.date as date5_0_, code0_.remaining_time as remainin6_0_, code0_.remaining_views as remainin7_0_, code0_.restriction_by_date_is_accessible as restrict8_0_, code0_.restriction_by_views_is_accessible as restrict9_0_ from codes code0_ where code0_.codeuuid=?
?[0m?[0;34m2023-03-03 00:32:37.049 DEBUG 11836 --- [nio-8889-exec-3] org.hibernate.SQL                        : update codes set code=?, codeuuid=?, formated_date_time=?, date=?, remaining_time=?, remaining_views=?, restriction_by_date_is_accessible=?, restriction_by_views_is_accessible=? where id_code=?
?[0m?[0;34m2023-03-03 00:32:37.050 DEBUG 11836 --- [nio-8889-exec-3] o.s.w.servlet.view.BeanNameViewResolver  : Found bean named 'code' but it does not implement View
?[0m?[0;34m2023-03-03 00:32:37.051 DEBUG 11836 --- [nio-8889-exec-3] o.s.w.s.v.ContentNegotiatingViewResolver : Selected 'text/html' given [text/html]
?[0m?[0;34m2023-03-03 00:32:37.051 DEBUG 11836 --- [nio-8889-exec-3] o.s.w.s.view.freemarker.FreeMarkerView   : View name 'code', model {code=platform.businesslayer.Code@71df8cfa, date=03-03-2023 00:32:19, org.springframework.validation.BindingResult.code=org.springframework.validation.BeanPropertyBindingResult: 0 errors}
?[0m?[0;34m2023-03-03 00:32:37.051 DEBUG 11836 --- [nio-8889-exec-3] o.s.w.s.view.freemarker.FreeMarkerView   : Rendering [code.ftlh]
?[0m?[0;34m2023-03-03 00:32:37.052 DEBUG 11836 --- [nio-8889-exec-3] o.s.web.servlet.DispatcherServlet        : Completed 200 OK
?[1;31m
Start test 118?[0m
?[0m?[0;34m2023-03-03 00:32:37.057 DEBUG 11836 --- [nio-8889-exec-4] o.s.web.servlet.DispatcherServlet        : GET "/api/code/3ceea478-9f7f-4a94-a757-4ba2560c8bde", parameters={}
?[0m?[0;34m2023-03-03 00:32:37.057 DEBUG 11836 --- [nio-8889-exec-4] s.w.s.m.m.a.RequestMappingHandlerMapping : Mapped to platform.presentationlayer.APIcspController#getApiEnpoint(String)
?[0m?[0;34m2023-03-03 00:32:37.058 DEBUG 11836 --- [nio-8889-exec-4] org.hibernate.SQL                        : select code0_.id_code as id_code1_0_, code0_.code as code2_0_, code0_.codeuuid as codeuuid3_0_, code0_.formated_date_time as formated4_0_, code0_.date as date5_0_, code0_.remaining_time as remainin6_0_, code0_.remaining_views as remainin7_0_, code0_.restriction_by_date_is_accessible as restrict8_0_, code0_.restriction_by_views_is_accessible as restrict9_0_ from codes code0_ where code0_.codeuuid=?
?[0m?[0;34m2023-03-03 00:32:37.059 DEBUG 11836 --- [nio-8889-exec-4] org.hibernate.SQL                        : select code0_.id_code as id_code1_0_, code0_.code as code2_0_, code0_.codeuuid as codeuuid3_0_, code0_.formated_date_time as formated4_0_, code0_.date as date5_0_, code0_.remaining_time as remainin6_0_, code0_.remaining_views as remainin7_0_, code0_.restriction_by_date_is_accessible as restrict8_0_, code0_.restriction_by_views_is_accessible as restrict9_0_ from codes code0_ where code0_.codeuuid=?
?[0m?[0;34m2023-03-03 00:32:37.060 DEBUG 11836 --- [nio-8889-exec-4] org.hibernate.SQL                        : delete from codes where id_code=?
?[0m?[0;34m2023-03-03 00:32:37.061 DEBUG 11836 --- [nio-8889-exec-4] .w.s.m.a.ResponseStatusExceptionResolver : Resolved [platform.businesslayer.CodeNotFoundException: There is no entry]
?[0m?[0;34m2023-03-03 00:32:37.062 DEBUG 11836 --- [nio-8889-exec-4] o.s.web.servlet.DispatcherServlet        : Completed 404 NOT_FOUND
?[0m?[0;34m2023-03-03 00:32:37.062 DEBUG 11836 --- [nio-8889-exec-4] o.s.web.servlet.DispatcherServlet        : "ERROR" dispatch for GET "/error", parameters={}
?[0m?[0;34m2023-03-03 00:32:37.063 DEBUG 11836 --- [nio-8889-exec-4] s.w.s.m.m.a.RequestMappingHandlerMapping : Mapped to org.springframework.boot.autoconfigure.web.servlet.error.BasicErrorController#error(HttpServletRequest)
?[0m?[0;34m2023-03-03 00:32:37.063 DEBUG 11836 --- [nio-8889-exec-4] o.s.w.s.m.m.a.HttpEntityMethodProcessor  : Using 'application/json', given [*/*] and supported [application/json, application/*+json, application/json, application/*+json]
?[0m?[0;34m2023-03-03 00:32:37.063 DEBUG 11836 --- [nio-8889-exec-4] o.s.w.s.m.m.a.HttpEntityMethodProcessor  : Writing [{timestamp=Fri Mar 03 00:32:37 EET 2023, status=404, error=Not Found, path=/api/code/3ceea478-9f7f-4 (truncated)...]
?[0m?[0;34m2023-03-03 00:32:37.064 DEBUG 11836 --- [nio-8889-exec-4] o.s.web.servlet.DispatcherServlet        : Exiting from "ERROR" dispatch, status 404
?[1;31m
Start test 119?[0m
?[0m?[0;34m2023-03-03 00:32:37.068 DEBUG 11836 --- [nio-8889-exec-5] o.s.web.servlet.DispatcherServlet        : GET "/code/3ceea478-9f7f-4a94-a757-4ba2560c8bde", parameters={}
?[0m?[0;34m2023-03-03 00:32:37.069 DEBUG 11836 --- [nio-8889-exec-5] s.w.s.m.m.a.RequestMappingHandlerMapping : Mapped to platform.presentationlayer.WEBcpsController#getCodeNewCreationEndPoint2(Model, String)
?[0m?[0;34m2023-03-03 00:32:37.070 DEBUG 11836 --- [nio-8889-exec-5] org.hibernate.SQL                        : select code0_.id_code as id_code1_0_, code0_.code as code2_0_, code0_.codeuuid as codeuuid3_0_, code0_.formated_date_time as formated4_0_, code0_.date as date5_0_, code0_.remaining_time as remainin6_0_, code0_.remaining_views as remainin7_0_, code0_.restriction_by_date_is_accessible as restrict8_0_, code0_.restriction_by_views_is_accessible as restrict9_0_ from codes code0_ where code0_.codeuuid=?
?[0m?[0;34m2023-03-03 00:32:37.071 DEBUG 11836 --- [nio-8889-exec-5] .w.s.m.a.ResponseStatusExceptionResolver : Resolved [platform.businesslayer.CodeNotFoundException: There is no entry]
?[0m?[0;34m2023-03-03 00:32:37.071 DEBUG 11836 --- [nio-8889-exec-5] o.s.web.servlet.DispatcherServlet        : Completed 404 NOT_FOUND
?[0m?[0;34m2023-03-03 00:32:37.071 DEBUG 11836 --- [nio-8889-exec-5] o.s.web.servlet.DispatcherServlet        : "ERROR" dispatch for GET "/error", parameters={}
?[0m?[0;34m2023-03-03 00:32:37.072 DEBUG 11836 --- [nio-8889-exec-5] s.w.s.m.m.a.RequestMappingHandlerMapping : Mapped to org.springframework.boot.autoconfigure.web.servlet.error.BasicErrorController#error(HttpServletRequest)
?[0m?[0;34m2023-03-03 00:32:37.072 DEBUG 11836 --- [nio-8889-exec-5] o.s.w.s.m.m.a.HttpEntityMethodProcessor  : Using 'application/json', given [*/*] and supported [application/json, application/*+json, application/json, application/*+json]
?[0m?[0;34m2023-03-03 00:32:37.073 DEBUG 11836 --- [nio-8889-exec-5] o.s.w.s.m.m.a.HttpEntityMethodProcessor  : Writing [{timestamp=Fri Mar 03 00:32:37 EET 2023, status=404, error=Not Found, path=/code/3ceea478-9f7f-4a94- (truncated)...]
?[0m?[0;34m2023-03-03 00:32:37.073 DEBUG 11836 --- [nio-8889-exec-5] o.s.web.servlet.DispatcherServlet        : Exiting from "ERROR" dispatch, status 404
?[0m2023-03-03 00:32:37.078 DEBUG 11836 --- [nio-8889-exec-6] o.s.web.servlet.DispatcherServlet        : POST "/actuator/shutdown", parameters={}
2023-03-03 00:32:37.078 DEBUG 11836 --- [nio-8889-exec-6] s.b.a.e.w.s.WebMvcEndpointHandlerMapping : Mapped to Actuator web endpoint 'shutdown'
2023-03-03 00:32:37.079 DEBUG 11836 --- [nio-8889-exec-6] m.m.a.RequestResponseBodyMethodProcessor : Read "application/json;charset=UTF-8" to []
2023-03-03 00:32:37.080 DEBUG 11836 --- [nio-8889-exec-6] m.m.a.RequestResponseBodyMethodProcessor : Using 'application/vnd.spring-boot.actuator.v3+json', given [*/*] and supported [application/vnd.spring-boot.actuator.v3+json, application/vnd.spring-boot.actuator.v2+json, application/json]
2023-03-03 00:32:37.080 DEBUG 11836 --- [nio-8889-exec-6] m.m.a.RequestResponseBodyMethodProcessor : Writing [{message=Shutting down, bye...}]
2023-03-03 00:32:37.080 DEBUG 11836 --- [nio-8889-exec-6] o.s.web.servlet.DispatcherServlet        : Completed 200 OK
]]></system-out>
  <system-err><![CDATA[]]></system-err>
</testsuite>
